This is XeTeX, Version 3.141592653-2.6-0.999997 (TeX Live 2025) (preloaded format=xelatex 2025.8.8)  21 AUG 2025 16:35
entering extended mode
 restricted \write18 enabled.
 %&-line parsing enabled.
**main.tex
(./main.tex
LaTeX2e <2024-11-01> patch level 2
L3 programming layer <2025-01-18>
(c:/texlive/2025/texmf-dist/tex/latex/base/report.cls
Document Class: report 2024/06/29 v1.4n Standard LaTeX document class
(c:/texlive/2025/texmf-dist/tex/latex/base/size10.clo
File: size10.clo 2024/06/29 v1.4n Standard LaTeX file (size option)
)
\c@part=\count192
\c@chapter=\count193
\c@section=\count194
\c@subsection=\count195
\c@subsubsection=\count196
\c@paragraph=\count197
\c@subparagraph=\count198
\c@figure=\count199
\c@table=\count266
\abovecaptionskip=\skip49
\belowcaptionskip=\skip50
\bibindent=\dimen141
) (./packages.tex
(c:/texlive/2025/texmf-dist/tex/latex/algorithm2e/algorithm2e.sty
Invalid UTF-8 byte or sequence at line 284 replaced by U+FFFD.
Invalid UTF-8 byte or sequence at line 299 replaced by U+FFFD.
Invalid UTF-8 byte or sequence at line 550 replaced by U+FFFD.
Package: algorithm2e 2017/07/18 v5.2 algorithms environments
\c@AlgoLine=\count267

(c:/texlive/2025/texmf-dist/tex/latex/base/ifthen.sty
Package: ifthen 2024/03/16 v1.1e Standard LaTeX ifthen package (DPC)
)
\algocf@hangindent=\skip51

(c:/texlive/2025/texmf-dist/tex/latex/ifoddpage/ifoddpage.sty
Package: ifoddpage 2022/10/18 v1.2 Conditionals for odd/even page detection
\c@checkoddpage=\count268
)
(c:/texlive/2025/texmf-dist/tex/latex/tools/xspace.sty
Package: xspace 2014/10/28 v1.13 Space after command names (DPC,MH)
)
(c:/texlive/2025/texmf-dist/tex/latex/relsize/relsize.sty
Package: relsize 2013/03/29 ver 4.1
)
\skiptotal=\skip52
\skiplinenumber=\skip53
\skiprule=\skip54
\skiphlne=\skip55
\skiptext=\skip56
\skiplength=\skip57
\algomargin=\skip58
\skipalgocfslide=\skip59
\algowidth=\dimen142
\inoutsize=\dimen143
\inoutindent=\dimen144
\interspacetitleruled=\dimen145
\interspacealgoruled=\dimen146
\interspacetitleboxruled=\dimen147
\algocf@ruledwidth=\skip60
\algocf@inoutbox=\box52
\algocf@inputbox=\box53
\AlCapSkip=\skip61
\AlCapHSkip=\skip62
\algoskipindent=\skip63
\algocf@nlbox=\box54
\algocf@hangingbox=\box55
\algocf@untilbox=\box56
\algocf@skipuntil=\skip64
\algocf@capbox=\box57
\algocf@lcaptionbox=\skip65
\algoheightruledefault=\skip66
\algoheightrule=\skip67
\algotitleheightruledefault=\skip68
\algotitleheightrule=\skip69
\c@algocfline=\count269
\c@algocfproc=\count270
\c@algocf=\count271
\algocf@algoframe=\box58
\algocf@algobox=\box59
)
(c:/texlive/2025/texmf-dist/tex/latex/cite/cite.sty
LaTeX Info: Redefining \cite on input line 302.
LaTeX Info: Redefining \nocite on input line 332.
Package: cite 2015/02/27  v 5.5
)
(c:/texlive/2025/texmf-dist/tex/latex/tools/calc.sty
Package: calc 2023/07/08 v4.3 Infix arithmetic (KKT,FJ)
\calc@Acount=\count272
\calc@Bcount=\count273
\calc@Adimen=\dimen148
\calc@Bdimen=\dimen149
\calc@Askip=\skip70
\calc@Bskip=\skip71
LaTeX Info: Redefining \setlength on input line 80.
LaTeX Info: Redefining \addtolength on input line 81.
\calc@Ccount=\count274
\calc@Cskip=\skip72
)
(c:/texlive/2025/texmf-dist/tex/latex/fancyhdr/fancyhdr.sty
Package: fancyhdr 2025/02/07 v5.2 Extensive control of page headers and footers

\f@nch@headwidth=\skip73
\f@nch@offset@elh=\skip74
\f@nch@offset@erh=\skip75
\f@nch@offset@olh=\skip76
\f@nch@offset@orh=\skip77
\f@nch@offset@elf=\skip78
\f@nch@offset@erf=\skip79
\f@nch@offset@olf=\skip80
\f@nch@offset@orf=\skip81
\f@nch@height=\skip82
\f@nch@footalignment=\skip83
\f@nch@widthL=\skip84
\f@nch@widthC=\skip85
\f@nch@widthR=\skip86
\@temptokenb=\toks17
)
(c:/texlive/2025/texmf-dist/tex/latex/lipsum/lipsum.sty
(c:/texlive/2025/texmf-dist/tex/latex/l3packages/l3keys2e/l3keys2e.sty
(c:/texlive/2025/texmf-dist/tex/latex/l3kernel/expl3.sty
Package: expl3 2025-01-18 L3 programming layer (loader) 

(c:/texlive/2025/texmf-dist/tex/latex/l3backend/l3backend-xetex.def
File: l3backend-xetex.def 2024-05-08 L3 backend support: XeTeX
\g__graphics_track_int=\count275
\l__pdf_internal_box=\box60
\g__pdf_backend_annotation_int=\count276
\g__pdf_backend_link_int=\count277
))
Package: l3keys2e 2024-08-16 LaTeX2e option processing using LaTeX3 keys
)
Package: lipsum 2021-09-20 v2.7 150 paragraphs of Lorem Ipsum dummy text
\g__lipsum_par_int=\count278
\l__lipsum_a_int=\count279
\l__lipsum_b_int=\count280

(c:/texlive/2025/texmf-dist/tex/latex/lipsum/lipsum.ltd.tex))
(c:/texlive/2025/texmf-dist/tex/latex/graphics/color.sty
Package: color 2024/06/23 v1.3e Standard LaTeX Color (DPC)

(c:/texlive/2025/texmf-dist/tex/latex/graphics-cfg/color.cfg
File: color.cfg 2016/01/02 v1.6 sample color configuration
)
Package color Info: Driver file: xetex.def on input line 149.

(c:/texlive/2025/texmf-dist/tex/latex/graphics-def/xetex.def
File: xetex.def 2022/09/22 v5.0n Graphics/color driver for xetex
)
(c:/texlive/2025/texmf-dist/tex/latex/graphics/mathcolor.ltx))
(c:/texlive/2025/texmf-dist/tex/latex/ragged2e/ragged2e.sty
Package: ragged2e 2023/06/22 v3.6 ragged2e Package
\CenteringLeftskip=\skip87
\RaggedLeftLeftskip=\skip88
\RaggedRightLeftskip=\skip89
\CenteringRightskip=\skip90
\RaggedLeftRightskip=\skip91
\RaggedRightRightskip=\skip92
\CenteringParfillskip=\skip93
\RaggedLeftParfillskip=\skip94
\RaggedRightParfillskip=\skip95
\JustifyingParfillskip=\skip96
\CenteringParindent=\skip97
\RaggedLeftParindent=\skip98
\RaggedRightParindent=\skip99
\JustifyingParindent=\skip100
)
(c:/texlive/2025/texmf-dist/tex/latex/enumitem/enumitem.sty
Package: enumitem 2025/02/06 v3.11 Customized lists
\enitkv@toks@=\toks18
\labelindent=\skip101
\enit@outerparindent=\dimen150
\enit@toks=\toks19
\enit@inbox=\box61
\enit@count@id=\count281
\enitdp@description=\count282
)
(c:/texlive/2025/texmf-dist/tex/latex/xcolor/xcolor.sty
Package: xcolor 2024/09/29 v3.02 LaTeX color extensions (UK)

(c:/texlive/2025/texmf-dist/tex/latex/graphics-cfg/color.cfg
File: color.cfg 2016/01/02 v1.6 sample color configuration
)
Package xcolor Info: Driver file: xetex.def on input line 274.
LaTeX Info: Redefining \color on input line 762.

(c:/texlive/2025/texmf-dist/tex/latex/graphics/mathcolor.ltx)
Package xcolor Info: Model `cmy' substituted by `cmy0' on input line 1349.
Package xcolor Info: Model `RGB' extended on input line 1365.
Package xcolor Info: Model `HTML' substituted by `rgb' on input line 1367.
Package xcolor Info: Model `Hsb' substituted by `hsb' on input line 1368.
Package xcolor Info: Model `tHsb' substituted by `hsb' on input line 1369.
Package xcolor Info: Model `HSB' substituted by `hsb' on input line 1370.
Package xcolor Info: Model `Gray' substituted by `gray' on input line 1371.
Package xcolor Info: Model `wave' substituted by `hsb' on input line 1372.
)
(c:/texlive/2025/texmf-dist/tex/latex/graphics/dvipsnam.def
File: dvipsnam.def 2016/06/17 v3.0m Driver-dependent file (DPC,SPQR)
)
(c:/texlive/2025/texmf-dist/tex/latex/graphics/graphicx.sty
Package: graphicx 2021/09/16 v1.2d Enhanced LaTeX Graphics (DPC,SPQR)

(c:/texlive/2025/texmf-dist/tex/latex/graphics/keyval.sty
Package: keyval 2022/05/29 v1.15 key=value parser (DPC)
\KV@toks@=\toks20
)
(c:/texlive/2025/texmf-dist/tex/latex/graphics/graphics.sty
Package: graphics 2024/08/06 v1.4g Standard LaTeX Graphics (DPC,SPQR)

(c:/texlive/2025/texmf-dist/tex/latex/graphics/trig.sty
Package: trig 2023/12/02 v1.11 sin cos tan (DPC)
)
(c:/texlive/2025/texmf-dist/tex/latex/graphics-cfg/graphics.cfg
File: graphics.cfg 2016/06/04 v1.11 sample graphics configuration
)
Package graphics Info: Driver file: xetex.def on input line 106.
)
\Gin@req@height=\dimen151
\Gin@req@width=\dimen152
)
(c:/texlive/2025/texmf-dist/tex/latex/wrapfig/wrapfig.sty
\wrapoverhang=\dimen153
\WF@size=\dimen154
\c@WF@wrappedlines=\count283
\WF@box=\box62
\WF@everypar=\toks21
Package: wrapfig 2003/01/31  v 3.6
)
(c:/texlive/2025/texmf-dist/tex/latex/float/float.sty
Package: float 2001/11/08 v1.3d Float enhancements (AL)
\c@float@type=\count284
\float@exts=\toks22
\float@box=\box63
\@float@everytoks=\toks23
\@floatcapt=\box64
)
(c:/texlive/2025/texmf-dist/tex/latex/tools/verbatim.sty
Package: verbatim 2024-01-22 v1.5x LaTeX2e package for verbatim enhancements
\every@verbatim=\toks24
\verbatim@line=\toks25
\verbatim@in@stream=\read2
)
(c:/texlive/2025/texmf-dist/tex/latex/parskip/parskip.sty
Package: parskip 2021-03-14 v2.0h non-zero parskip adjustments

(c:/texlive/2025/texmf-dist/tex/latex/kvoptions/kvoptions.sty
Package: kvoptions 2022-06-15 v3.15 Key value format for package options (HO)

(c:/texlive/2025/texmf-dist/tex/generic/ltxcmds/ltxcmds.sty
Package: ltxcmds 2023-12-04 v1.26 LaTeX kernel commands for general use (HO)
)
(c:/texlive/2025/texmf-dist/tex/latex/kvsetkeys/kvsetkeys.sty
Package: kvsetkeys 2022-10-05 v1.19 Key value parser (HO)
))
(c:/texlive/2025/texmf-dist/tex/latex/etoolbox/etoolbox.sty
Package: etoolbox 2025/02/11 v2.5l e-TeX tools for LaTeX (JAW)
\etb@tempcnta=\count285
))
(c:/texlive/2025/texmf-dist/tex/latex/setspace/setspace.sty
Package: setspace 2022/12/04 v6.7b set line spacing
)
(c:/texlive/2025/texmf-dist/tex/latex/base/textcomp.sty
Package: textcomp 2024/04/24 v2.1b Standard LaTeX package
)
(c:/texlive/2025/texmf-dist/tex/latex/xpatch/xpatch.sty
Package: xpatch 2020/03/25 v0.3a Extending etoolbox patching commands

(c:/texlive/2025/texmf-dist/tex/latex/l3packages/xparse/xparse.sty
Package: xparse 2024-08-16 L3 Experimental document command parser
))
(c:/texlive/2025/texmf-dist/tex/latex/pgf/frontendlayer/tikz.sty
(c:/texlive/2025/texmf-dist/tex/latex/pgf/basiclayer/pgf.sty
(c:/texlive/2025/texmf-dist/tex/latex/pgf/utilities/pgfrcs.sty
(c:/texlive/2025/texmf-dist/tex/generic/pgf/utilities/pgfutil-common.tex
\pgfutil@everybye=\toks26
\pgfutil@tempdima=\dimen155
\pgfutil@tempdimb=\dimen156
)
(c:/texlive/2025/texmf-dist/tex/generic/pgf/utilities/pgfutil-latex.def
\pgfutil@abb=\box65
)
(c:/texlive/2025/texmf-dist/tex/generic/pgf/utilities/pgfrcs.code.tex
(c:/texlive/2025/texmf-dist/tex/generic/pgf/pgf.revision.tex)
Package: pgfrcs 2023-01-15 v3.1.10 (3.1.10)
))
Package: pgf 2023-01-15 v3.1.10 (3.1.10)

(c:/texlive/2025/texmf-dist/tex/latex/pgf/basiclayer/pgfcore.sty
(c:/texlive/2025/texmf-dist/tex/latex/pgf/systemlayer/pgfsys.sty
(c:/texlive/2025/texmf-dist/tex/generic/pgf/systemlayer/pgfsys.code.tex
Package: pgfsys 2023-01-15 v3.1.10 (3.1.10)

(c:/texlive/2025/texmf-dist/tex/generic/pgf/utilities/pgfkeys.code.tex
\pgfkeys@pathtoks=\toks27
\pgfkeys@temptoks=\toks28

(c:/texlive/2025/texmf-dist/tex/generic/pgf/utilities/pgfkeyslibraryfiltered.co
de.tex
\pgfkeys@tmptoks=\toks29
))
\pgf@x=\dimen157
\pgf@y=\dimen158
\pgf@xa=\dimen159
\pgf@ya=\dimen160
\pgf@xb=\dimen161
\pgf@yb=\dimen162
\pgf@xc=\dimen163
\pgf@yc=\dimen164
\pgf@xd=\dimen165
\pgf@yd=\dimen166
\w@pgf@writea=\write3
\r@pgf@reada=\read3
\c@pgf@counta=\count286
\c@pgf@countb=\count287
\c@pgf@countc=\count288
\c@pgf@countd=\count289
\t@pgf@toka=\toks30
\t@pgf@tokb=\toks31
\t@pgf@tokc=\toks32
\pgf@sys@id@count=\count290
 (c:/texlive/2025/texmf-dist/tex/generic/pgf/systemlayer/pgf.cfg
File: pgf.cfg 2023-01-15 v3.1.10 (3.1.10)
)
Driver file for pgf: pgfsys-xetex.def

(c:/texlive/2025/texmf-dist/tex/generic/pgf/systemlayer/pgfsys-xetex.def
File: pgfsys-xetex.def 2023-01-15 v3.1.10 (3.1.10)

(c:/texlive/2025/texmf-dist/tex/generic/pgf/systemlayer/pgfsys-dvipdfmx.def
File: pgfsys-dvipdfmx.def 2023-01-15 v3.1.10 (3.1.10)

(c:/texlive/2025/texmf-dist/tex/generic/pgf/systemlayer/pgfsys-common-pdf.def
File: pgfsys-common-pdf.def 2023-01-15 v3.1.10 (3.1.10)
)
\pgfsys@objnum=\count291
)))
(c:/texlive/2025/texmf-dist/tex/generic/pgf/systemlayer/pgfsyssoftpath.code.tex
File: pgfsyssoftpath.code.tex 2023-01-15 v3.1.10 (3.1.10)
\pgfsyssoftpath@smallbuffer@items=\count292
\pgfsyssoftpath@bigbuffer@items=\count293
)
(c:/texlive/2025/texmf-dist/tex/generic/pgf/systemlayer/pgfsysprotocol.code.tex
File: pgfsysprotocol.code.tex 2023-01-15 v3.1.10 (3.1.10)
)) (c:/texlive/2025/texmf-dist/tex/generic/pgf/basiclayer/pgfcore.code.tex
Package: pgfcore 2023-01-15 v3.1.10 (3.1.10)

(c:/texlive/2025/texmf-dist/tex/generic/pgf/math/pgfmath.code.tex
(c:/texlive/2025/texmf-dist/tex/generic/pgf/math/pgfmathutil.code.tex)
(c:/texlive/2025/texmf-dist/tex/generic/pgf/math/pgfmathparser.code.tex
\pgfmath@dimen=\dimen167
\pgfmath@count=\count294
\pgfmath@box=\box66
\pgfmath@toks=\toks33
\pgfmath@stack@operand=\toks34
\pgfmath@stack@operation=\toks35
)
(c:/texlive/2025/texmf-dist/tex/generic/pgf/math/pgfmathfunctions.code.tex)
(c:/texlive/2025/texmf-dist/tex/generic/pgf/math/pgfmathfunctions.basic.code.te
x)
(c:/texlive/2025/texmf-dist/tex/generic/pgf/math/pgfmathfunctions.trigonometric
.code.tex)
(c:/texlive/2025/texmf-dist/tex/generic/pgf/math/pgfmathfunctions.random.code.t
ex)
(c:/texlive/2025/texmf-dist/tex/generic/pgf/math/pgfmathfunctions.comparison.co
de.tex)
(c:/texlive/2025/texmf-dist/tex/generic/pgf/math/pgfmathfunctions.base.code.tex
)
(c:/texlive/2025/texmf-dist/tex/generic/pgf/math/pgfmathfunctions.round.code.te
x)
(c:/texlive/2025/texmf-dist/tex/generic/pgf/math/pgfmathfunctions.misc.code.tex
)
(c:/texlive/2025/texmf-dist/tex/generic/pgf/math/pgfmathfunctions.integerarithm
etics.code.tex)
(c:/texlive/2025/texmf-dist/tex/generic/pgf/math/pgfmathcalc.code.tex)
(c:/texlive/2025/texmf-dist/tex/generic/pgf/math/pgfmathfloat.code.tex
\c@pgfmathroundto@lastzeros=\count295
))
(c:/texlive/2025/texmf-dist/tex/generic/pgf/math/pgfint.code.tex)
(c:/texlive/2025/texmf-dist/tex/generic/pgf/basiclayer/pgfcorepoints.code.tex
File: pgfcorepoints.code.tex 2023-01-15 v3.1.10 (3.1.10)
\pgf@picminx=\dimen168
\pgf@picmaxx=\dimen169
\pgf@picminy=\dimen170
\pgf@picmaxy=\dimen171
\pgf@pathminx=\dimen172
\pgf@pathmaxx=\dimen173
\pgf@pathminy=\dimen174
\pgf@pathmaxy=\dimen175
\pgf@xx=\dimen176
\pgf@xy=\dimen177
\pgf@yx=\dimen178
\pgf@yy=\dimen179
\pgf@zx=\dimen180
\pgf@zy=\dimen181
)
(c:/texlive/2025/texmf-dist/tex/generic/pgf/basiclayer/pgfcorepathconstruct.cod
e.tex
File: pgfcorepathconstruct.code.tex 2023-01-15 v3.1.10 (3.1.10)
\pgf@path@lastx=\dimen182
\pgf@path@lasty=\dimen183
)
(c:/texlive/2025/texmf-dist/tex/generic/pgf/basiclayer/pgfcorepathusage.code.te
x
File: pgfcorepathusage.code.tex 2023-01-15 v3.1.10 (3.1.10)
\pgf@shorten@end@additional=\dimen184
\pgf@shorten@start@additional=\dimen185
)
(c:/texlive/2025/texmf-dist/tex/generic/pgf/basiclayer/pgfcorescopes.code.tex
File: pgfcorescopes.code.tex 2023-01-15 v3.1.10 (3.1.10)
\pgfpic=\box67
\pgf@hbox=\box68
\pgf@layerbox@main=\box69
\pgf@picture@serial@count=\count296
)
(c:/texlive/2025/texmf-dist/tex/generic/pgf/basiclayer/pgfcoregraphicstate.code
.tex
File: pgfcoregraphicstate.code.tex 2023-01-15 v3.1.10 (3.1.10)
\pgflinewidth=\dimen186
)
(c:/texlive/2025/texmf-dist/tex/generic/pgf/basiclayer/pgfcoretransformations.c
ode.tex
File: pgfcoretransformations.code.tex 2023-01-15 v3.1.10 (3.1.10)
\pgf@pt@x=\dimen187
\pgf@pt@y=\dimen188
\pgf@pt@temp=\dimen189
)
(c:/texlive/2025/texmf-dist/tex/generic/pgf/basiclayer/pgfcorequick.code.tex
File: pgfcorequick.code.tex 2023-01-15 v3.1.10 (3.1.10)
)
(c:/texlive/2025/texmf-dist/tex/generic/pgf/basiclayer/pgfcoreobjects.code.tex
File: pgfcoreobjects.code.tex 2023-01-15 v3.1.10 (3.1.10)
)
(c:/texlive/2025/texmf-dist/tex/generic/pgf/basiclayer/pgfcorepathprocessing.co
de.tex
File: pgfcorepathprocessing.code.tex 2023-01-15 v3.1.10 (3.1.10)
)
(c:/texlive/2025/texmf-dist/tex/generic/pgf/basiclayer/pgfcorearrows.code.tex
File: pgfcorearrows.code.tex 2023-01-15 v3.1.10 (3.1.10)
\pgfarrowsep=\dimen190
)
(c:/texlive/2025/texmf-dist/tex/generic/pgf/basiclayer/pgfcoreshade.code.tex
File: pgfcoreshade.code.tex 2023-01-15 v3.1.10 (3.1.10)
\pgf@max=\dimen191
\pgf@sys@shading@range@num=\count297
\pgf@shadingcount=\count298
)
(c:/texlive/2025/texmf-dist/tex/generic/pgf/basiclayer/pgfcoreimage.code.tex
File: pgfcoreimage.code.tex 2023-01-15 v3.1.10 (3.1.10)
)
(c:/texlive/2025/texmf-dist/tex/generic/pgf/basiclayer/pgfcoreexternal.code.tex
File: pgfcoreexternal.code.tex 2023-01-15 v3.1.10 (3.1.10)
\pgfexternal@startupbox=\box70
) (c:/texlive/2025/texmf-dist/tex/generic/pgf/basiclayer/pgfcorelayers.code.tex
File: pgfcorelayers.code.tex 2023-01-15 v3.1.10 (3.1.10)
)
(c:/texlive/2025/texmf-dist/tex/generic/pgf/basiclayer/pgfcoretransparency.code
.tex
File: pgfcoretransparency.code.tex 2023-01-15 v3.1.10 (3.1.10)
)
(c:/texlive/2025/texmf-dist/tex/generic/pgf/basiclayer/pgfcorepatterns.code.tex
File: pgfcorepatterns.code.tex 2023-01-15 v3.1.10 (3.1.10)
) (c:/texlive/2025/texmf-dist/tex/generic/pgf/basiclayer/pgfcorerdf.code.tex
File: pgfcorerdf.code.tex 2023-01-15 v3.1.10 (3.1.10)
))) (c:/texlive/2025/texmf-dist/tex/generic/pgf/modules/pgfmoduleshapes.code.te
x
File: pgfmoduleshapes.code.tex 2023-01-15 v3.1.10 (3.1.10)
\pgfnodeparttextbox=\box71
)
(c:/texlive/2025/texmf-dist/tex/generic/pgf/modules/pgfmoduleplot.code.tex
File: pgfmoduleplot.code.tex 2023-01-15 v3.1.10 (3.1.10)
)
(c:/texlive/2025/texmf-dist/tex/latex/pgf/compatibility/pgfcomp-version-0-65.st
y
Package: pgfcomp-version-0-65 2023-01-15 v3.1.10 (3.1.10)
\pgf@nodesepstart=\dimen192
\pgf@nodesepend=\dimen193
)
(c:/texlive/2025/texmf-dist/tex/latex/pgf/compatibility/pgfcomp-version-1-18.st
y
Package: pgfcomp-version-1-18 2023-01-15 v3.1.10 (3.1.10)
)) (c:/texlive/2025/texmf-dist/tex/latex/pgf/utilities/pgffor.sty
(c:/texlive/2025/texmf-dist/tex/latex/pgf/utilities/pgfkeys.sty
(c:/texlive/2025/texmf-dist/tex/generic/pgf/utilities/pgfkeys.code.tex))
(c:/texlive/2025/texmf-dist/tex/latex/pgf/math/pgfmath.sty
(c:/texlive/2025/texmf-dist/tex/generic/pgf/math/pgfmath.code.tex))
(c:/texlive/2025/texmf-dist/tex/generic/pgf/utilities/pgffor.code.tex
Package: pgffor 2023-01-15 v3.1.10 (3.1.10)
\pgffor@iter=\dimen194
\pgffor@skip=\dimen195
\pgffor@stack=\toks36
\pgffor@toks=\toks37
))
(c:/texlive/2025/texmf-dist/tex/generic/pgf/frontendlayer/tikz/tikz.code.tex
Package: tikz 2023-01-15 v3.1.10 (3.1.10)

(c:/texlive/2025/texmf-dist/tex/generic/pgf/libraries/pgflibraryplothandlers.co
de.tex
File: pgflibraryplothandlers.code.tex 2023-01-15 v3.1.10 (3.1.10)
\pgf@plot@mark@count=\count299
\pgfplotmarksize=\dimen196
)
\tikz@lastx=\dimen197
\tikz@lasty=\dimen198
\tikz@lastxsaved=\dimen199
\tikz@lastysaved=\dimen256
\tikz@lastmovetox=\dimen257
\tikz@lastmovetoy=\dimen258
\tikzleveldistance=\dimen259
\tikzsiblingdistance=\dimen260
\tikz@figbox=\box72
\tikz@figbox@bg=\box73
\tikz@tempbox=\box74
\tikz@tempbox@bg=\box75
\tikztreelevel=\count300
\tikznumberofchildren=\count301
\tikznumberofcurrentchild=\count302
\tikz@fig@count=\count303

(c:/texlive/2025/texmf-dist/tex/generic/pgf/modules/pgfmodulematrix.code.tex
File: pgfmodulematrix.code.tex 2023-01-15 v3.1.10 (3.1.10)
\pgfmatrixcurrentrow=\count304
\pgfmatrixcurrentcolumn=\count305
\pgf@matrix@numberofcolumns=\count306
)
\tikz@expandcount=\count307

(c:/texlive/2025/texmf-dist/tex/generic/pgf/frontendlayer/tikz/libraries/tikzli
brarytopaths.code.tex
File: tikzlibrarytopaths.code.tex 2023-01-15 v3.1.10 (3.1.10)
)))
(c:/texlive/2025/texmf-dist/tex/generic/pgf/libraries/pgflibraryarrows.meta.cod
e.tex
File: pgflibraryarrows.meta.code.tex 2023-01-15 v3.1.10 (3.1.10)
\pgfarrowinset=\dimen261
\pgfarrowlength=\dimen262
\pgfarrowwidth=\dimen263
\pgfarrowlinewidth=\dimen264
)
(c:/texlive/2025/texmf-dist/tex/generic/pgf/frontendlayer/tikz/libraries/tikzli
brarypositioning.code.tex
File: tikzlibrarypositioning.code.tex 2023-01-15 v3.1.10 (3.1.10)
) (c:/texlive/2025/texmf-dist/tex/latex/tabu/tabu.sty
Package: tabu 2019/01/11 v2.9 - flexible LaTeX tabulars (FC+tabu-fixed)

(c:/texlive/2025/texmf-dist/tex/latex/tools/array.sty
Package: array 2024/10/17 v2.6g Tabular extension package (FMi)
\col@sep=\dimen265
\ar@mcellbox=\box76
\extrarowheight=\dimen266
\NC@list=\toks38
\extratabsurround=\skip102
\backup@length=\skip103
\ar@cellbox=\box77
)
(c:/texlive/2025/texmf-dist/tex/latex/varwidth/varwidth.sty
Package: varwidth 2009/03/30 ver 0.92;  Variable-width minipages
\@vwid@box=\box78
\sift@deathcycles=\count308
\@vwid@loff=\dimen267
\@vwid@roff=\dimen268
)
\c@taburow=\count309
\tabu@nbcols=\count310
\tabu@cnt=\count311
\tabu@Xcol=\count312
\tabu@alloc=\count313
\tabu@nested=\count314
\tabu@target=\dimen269
\tabu@spreadtarget=\dimen270
\tabu@naturalX=\dimen271
\tabucolX=\dimen272
\tabu@Xsum=\dimen273
\extrarowdepth=\dimen274
\abovetabulinesep=\dimen275
\belowtabulinesep=\dimen276
\tabustrutrule=\dimen277
\tabu@thebody=\toks39
\tabu@footnotes=\toks40
\tabu@box=\box79
\tabu@arstrutbox=\box80
\tabu@hleads=\box81
\tabu@vleads=\box82
\tabu@cellskip=\skip104
)
(c:/texlive/2025/texmf-dist/tex/latex/hyperref/hyperref.sty
Package: hyperref 2024-11-05 v7.01l Hypertext links for LaTeX

(c:/texlive/2025/texmf-dist/tex/generic/iftex/iftex.sty
Package: iftex 2024/12/12 v1.0g TeX engine tests
)
(c:/texlive/2025/texmf-dist/tex/generic/kvdefinekeys/kvdefinekeys.sty
Package: kvdefinekeys 2019-12-19 v1.6 Define keys (HO)
)
(c:/texlive/2025/texmf-dist/tex/generic/pdfescape/pdfescape.sty
Package: pdfescape 2019/12/09 v1.15 Implements pdfTeX's escape features (HO)

(c:/texlive/2025/texmf-dist/tex/generic/pdftexcmds/pdftexcmds.sty
Package: pdftexcmds 2020-06-27 v0.33 Utility functions of pdfTeX for LuaTeX (HO
)

(c:/texlive/2025/texmf-dist/tex/generic/infwarerr/infwarerr.sty
Package: infwarerr 2019/12/03 v1.5 Providing info/warning/error messages (HO)
)
Package pdftexcmds Info: \pdf@primitive is available.
Package pdftexcmds Info: \pdf@ifprimitive is available.
Package pdftexcmds Info: \pdfdraftmode not found.
))
(c:/texlive/2025/texmf-dist/tex/latex/hycolor/hycolor.sty
Package: hycolor 2020-01-27 v1.10 Color options for hyperref/bookmark (HO)
)
(c:/texlive/2025/texmf-dist/tex/latex/hyperref/nameref.sty
Package: nameref 2023-11-26 v2.56 Cross-referencing by name of section

(c:/texlive/2025/texmf-dist/tex/latex/refcount/refcount.sty
Package: refcount 2019/12/15 v3.6 Data extraction from label references (HO)
)
(c:/texlive/2025/texmf-dist/tex/generic/gettitlestring/gettitlestring.sty
Package: gettitlestring 2019/12/15 v1.6 Cleanup title references (HO)
)
\c@section@level=\count315
)
(c:/texlive/2025/texmf-dist/tex/generic/stringenc/stringenc.sty
Package: stringenc 2019/11/29 v1.12 Convert strings between diff. encodings (HO
)
)
\@linkdim=\dimen278
\Hy@linkcounter=\count316
\Hy@pagecounter=\count317

(c:/texlive/2025/texmf-dist/tex/latex/hyperref/pd1enc.def
File: pd1enc.def 2024-11-05 v7.01l Hyperref: PDFDocEncoding definition (HO)
)
(c:/texlive/2025/texmf-dist/tex/generic/intcalc/intcalc.sty
Package: intcalc 2019/12/15 v1.3 Expandable calculations with integers (HO)
)
\Hy@SavedSpaceFactor=\count318

(c:/texlive/2025/texmf-dist/tex/latex/hyperref/puenc.def
File: puenc.def 2024-11-05 v7.01l Hyperref: PDF Unicode definition (HO)
)
Package hyperref Info: Hyper figures OFF on input line 4157.
Package hyperref Info: Link nesting OFF on input line 4162.
Package hyperref Info: Hyper index ON on input line 4165.
Package hyperref Info: Plain pages OFF on input line 4172.
Package hyperref Info: Backreferencing OFF on input line 4177.
Package hyperref Info: Implicit mode ON; LaTeX internals redefined.
Package hyperref Info: Bookmarks ON on input line 4424.
\c@Hy@tempcnt=\count319

(c:/texlive/2025/texmf-dist/tex/latex/url/url.sty
\Urlmuskip=\muskip17
Package: url 2013/09/16  ver 3.4  Verb mode for urls, etc.
)
LaTeX Info: Redefining \url on input line 4763.
\XeTeXLinkMargin=\dimen279

(c:/texlive/2025/texmf-dist/tex/generic/bitset/bitset.sty
Package: bitset 2019/12/09 v1.3 Handle bit-vector datatype (HO)

(c:/texlive/2025/texmf-dist/tex/generic/bigintcalc/bigintcalc.sty
Package: bigintcalc 2019/12/15 v1.5 Expandable calculations on big integers (HO
)
))
\Fld@menulength=\count320
\Field@Width=\dimen280
\Fld@charsize=\dimen281
Package hyperref Info: Hyper figures OFF on input line 6042.
Package hyperref Info: Link nesting OFF on input line 6047.
Package hyperref Info: Hyper index ON on input line 6050.
Package hyperref Info: backreferencing OFF on input line 6057.
Package hyperref Info: Link coloring OFF on input line 6062.
Package hyperref Info: Link coloring with OCG OFF on input line 6067.
Package hyperref Info: PDF/A mode OFF on input line 6072.

(c:/texlive/2025/texmf-dist/tex/latex/base/atbegshi-ltx.sty
Package: atbegshi-ltx 2021/01/10 v1.0c Emulation of the original atbegshi
package with kernel methods
)
\Hy@abspage=\count321
\c@Item=\count322
\c@Hfootnote=\count323
)
Package hyperref Info: Driver (autodetected): hxetex.

(c:/texlive/2025/texmf-dist/tex/latex/hyperref/hxetex.def
File: hxetex.def 2024-11-05 v7.01l Hyperref driver for XeTeX
\pdfm@box=\box83
\c@Hy@AnnotLevel=\count324
\HyField@AnnotCount=\count325
\Fld@listcount=\count326
\c@bookmark@seq@number=\count327

(c:/texlive/2025/texmf-dist/tex/latex/rerunfilecheck/rerunfilecheck.sty
Package: rerunfilecheck 2022-07-10 v1.10 Rerun checks for auxiliary files (HO)

(c:/texlive/2025/texmf-dist/tex/latex/base/atveryend-ltx.sty
Package: atveryend-ltx 2020/08/19 v1.0a Emulation of the original atveryend pac
kage
with kernel methods
)
(c:/texlive/2025/texmf-dist/tex/generic/uniquecounter/uniquecounter.sty
Package: uniquecounter 2019/12/15 v1.4 Provide unlimited unique counter (HO)
)
Package uniquecounter Info: New unique counter `rerunfilecheck' on input line 2
85.
)
\Hy@SectionHShift=\skip105
)
(c:/texlive/2025/texmf-dist/tex/latex/minted/minted.sty
Package: minted 2025/03/06 v3.6.0 Yet another Pygments shim for LaTeX

(c:/texlive/2025/texmf-dist/tex/generic/catchfile/catchfile.sty
Package: catchfile 2019/12/09 v1.8 Catch the contents of a file (HO)

(c:/texlive/2025/texmf-dist/tex/generic/etexcmds/etexcmds.sty
Package: etexcmds 2019/12/15 v1.7 Avoid name clashes with e-TeX commands (HO)
))
(c:/texlive/2025/texmf-dist/tex/latex/fvextra/fvextra.sty
Package: fvextra 2025/03/04 v1.12.0 fvextra - extensions and patches for fancyv
rb

(c:/texlive/2025/texmf-dist/tex/latex/fancyvrb/fancyvrb.sty
Package: fancyvrb 2024/01/20 4.5c verbatim text (tvz,hv)
\FV@CodeLineNo=\count328
\FV@InFile=\read4
\FV@TabBox=\box84
\c@FancyVerbLine=\count329
\FV@StepNumber=\count330
\FV@OutFile=\write4
)
(c:/texlive/2025/texmf-dist/tex/latex/upquote/upquote.sty
Package: upquote 2012/04/19 v1.3 upright-quote and grave-accent glyphs in verba
tim
)
(c:/texlive/2025/texmf-dist/tex/latex/lineno/lineno.sty
Package: lineno 2025/01/29 line numbers on paragraphs v5.4
\linenopenalty=\count331
\output=\toks41
\linenoprevgraf=\count332
\linenumbersep=\dimen282
\linenumberwidth=\dimen283
\c@linenumber=\count333
\c@pagewiselinenumber=\count334
\c@LN@truepage=\count335
\c@internallinenumber=\count336
\c@internallinenumbers=\count337
\quotelinenumbersep=\dimen284
\bframerule=\dimen285
\bframesep=\dimen286
\bframebox=\box85
LaTeX Info: Redefining \\ on input line 3187.
)
\c@FancyVerbWriteLine=\count338
\c@FancyVerbBufferLine=\count339
\c@FV@TrueTabGroupLevel=\count340
\c@FV@TrueTabCounter=\count341
\FV@TabBox@Group=\box86
\FV@bgcolorstructbox=\box87
\FV@TmpLength=\skip106
\c@FV@HighlightLinesStart=\count342
\c@FV@HighlightLinesStop=\count343
\FV@LoopCount=\count344
\FV@NCharsBox=\box88
\FV@BreakIndent=\dimen287
\FV@BreakIndentNChars=\count345
\FV@BreakSymbolSepLeft=\dimen288
\FV@BreakSymbolSepLeftNChars=\count346
\FV@BreakSymbolSepRight=\dimen289
\FV@BreakSymbolSepRightNChars=\count347
\FV@BreakSymbolIndentLeft=\dimen290
\FV@BreakSymbolIndentLeftNChars=\count348
\FV@BreakSymbolIndentRight=\dimen291
\FV@BreakSymbolIndentRightNChars=\count349
\c@FancyVerbLineBreakLast=\count350
\FV@LineBox=\box89
\FV@LineIndentBox=\box90
\c@FV@BreakBufferDepth=\count351
\FV@LineWidth=\dimen292
)
(c:/texlive/2025/texmf-dist/tex/latex/latex2pydata/latex2pydata.sty
Package: latex2pydata 2025/03/03 v0.5.0 latex2pydata - write data to file in Py
thon literal format
)
(c:/texlive/2025/texmf-dist/tex/latex/pgfopts/pgfopts.sty
Package: pgfopts 2014/07/10 v2.1a LaTeX package options with pgfkeys
\pgfopts@list@add@a@toks=\toks42
\pgfopts@list@add@b@toks=\toks43
)
(c:/texlive/2025/texmf-dist/tex/latex/tools/shellesc.sty
Package: shellesc 2023/07/08 v1.0d unified shell escape interface for LaTeX
Package shellesc Info: Restricted shell escape enabled on input line 77.
)
\c@minted@FancyVerbLineTemp=\count352
\@float@every@listing=\toks44
\c@listing=\count353
)
(c:/texlive/2025/texmf-dist/tex/xelatex/xepersian/xepersian.sty
Package: xepersian 2025/02/02 v25.2.2 (Release Persian Gate) Persian typesettin
g in XeLaTeX

****************************************************
* 
* xepersian package (Persian for LaTeX, using XeTeX engine)
* 
* Description: The package supports Persian
* typesetting, using fonts provided in the
* distribution.
* 
* Copyright (c) 2008--2025 Vafa Khalighi
* Copyright (c) 2018--2020 bidi-tex GitHub Organization
* 
* v25.2.2 (Release Persian Gate), 2025/02/02
* 
* License: LaTeX Project Public License, version
* 1.3c or higher (your choice)
* 
* Location on CTAN: /macros/xetex/latex/xepersian
* 
* Issue tracker: https://github.com/xepersian/xepersian/issues
* 
* Discussions: https://github.com/xepersian/xepersian/discussions
* 
* Primary author of xepersian package: Vafa Khalighi.
* 
****************************************************
(c:/texlive/2025/texmf-dist/tex/latex/fontspec/fontspec.sty
Package: fontspec 2024/05/11 v2.9e Font selection for XeLaTeX and LuaLaTeX

(c:/texlive/2025/texmf-dist/tex/latex/fontspec/fontspec-xetex.sty
Package: fontspec-xetex 2024/05/11 v2.9e Font selection for XeLaTeX and LuaLaTe
X
\l__fontspec_script_int=\count354
\l__fontspec_language_int=\count355
\l__fontspec_strnum_int=\count356
\l__fontspec_tmp_int=\count357
\l__fontspec_tmpa_int=\count358
\l__fontspec_tmpb_int=\count359
\l__fontspec_tmpc_int=\count360
\l__fontspec_em_int=\count361
\l__fontspec_emdef_int=\count362
\l__fontspec_strong_int=\count363
\l__fontspec_strongdef_int=\count364
\l__fontspec_tmpa_dim=\dimen293
\l__fontspec_tmpb_dim=\dimen294
\l__fontspec_tmpc_dim=\dimen295

(c:/texlive/2025/texmf-dist/tex/latex/base/fontenc.sty
Package: fontenc 2021/04/29 v2.0v Standard LaTeX package
)
(c:/texlive/2025/texmf-dist/tex/latex/fontspec/fontspec.cfg)))
(c:/texlive/2025/texmf-dist/tex/xelatex/xepersian/xepersian-persiancal.sty
Package: xepersian-persiancal 2025/01/01 v0.3 provides Persian calendar
\XePersian@i=\count365
\XePersian@y=\count366
\XePersian@m=\count367
\XePersian@d=\count368
\XePersian@latini=\count369
\XePersian@persiani=\count370
\XePersian@latinii=\count371
\XePersian@persianii=\count372
\XePersian@latiniii=\count373
\XePersian@persianiii=\count374
\XePersian@latiniv=\count375
\XePersian@persianiv=\count376
\XePersian@latinv=\count377
\XePersian@persianv=\count378
\XePersian@latinvi=\count379
\XePersian@persianvi=\count380
\XePersian@latinvii=\count381
\XePersian@persianvii=\count382
\XePersian@latinviii=\count383
\XePersian@persianviii=\count384
\XePersian@latinix=\count385
\XePersian@persianix=\count386
\XePersian@latinx=\count387
\XePersian@persianx=\count388
\XePersian@latinxi=\count389
\XePersian@persianxi=\count390
\XePersian@latinxii=\count391
\XePersian@persianxii=\count392
\XePersian@persianxiii=\count393
\XePersian@temp=\count394
\XePersian@temptwo=\count395
\XePersian@tempthree=\count396
\XePersian@yModHundred=\count397
\XePersian@thirtytwo=\count398
\XePersian@dn=\count399
\XePersian@sn=\count400
\XePersian@mminusone=\count401
)
(c:/texlive/2025/texmf-dist/tex/xelatex/xepersian/unicode-persianmath.sty
Package: unicode-persianmath 2025/02/02 v1.2.3 Unicode Persian math
)
(c:/texlive/2025/texmf-dist/tex/xelatex/bidi/bidi.sty
Package: bidi 2025/02/02 v25.2.2 (Release Maryam Mirzakhani) Bidirectional type
setting in plain TeX and LaTeX

****************************************************
* 
* bidi package (Bidirectional typesetting in
* plain TeX and LaTeX, using XeTeX engine)
* 
* Description: A convenient interface for
* typesetting bidirectional texts in plain TeX
* and LaTeX. The package includes adaptations
* for use with many other commonly-used packages.
* 
* Copyright (c) 2007--2025 Vafa Khalighi
* Copyright (c) 2018--2020 bidi-tex GitHub organization
* 
* v25.2.2 (Release Maryam Mirzakhani), 2025/02/02
* 
* License: LaTeX Project Public License, version
* 1.3c or higher (your choice)
* 
* Location on CTAN: /macros/xetex/latex/bidi
* 
* Issue tracker: https://github.com/xepersian/bidi/issues
* 
* Discussions: https://github.com/xepersian/bidi/discussions
* 
* Primary author of bidi package: Vafa Khalighi.
* 
****************************************************
(c:/texlive/2025/texmf-dist/tex/xelatex/bidi/biditools.sty
Package: biditools 2025/02/02 v2.7 Programming tools for bidi package
\@bidi@envbody=\toks45
\@bidi@emptytoks=\toks46
\bidi@poscount=\count402
\bidi@tempcountb=\count403
\bidi@temptoksa=\toks47
\bidi@temptoksb=\toks48
\bidi@dummies=\count404
\bidi@are@these@correct=\toks49
\bidi@toks@lista=\toks50
\bidi@toks@listb=\toks51
\bidi@stack@length=\count405
\bidi@empty@stack=\toks52
\bidi@looprepeat@depth=\count406
)
(c:/texlive/2025/texmf-dist/tex/latex/zref/zref-abspage.sty
Package: zref-abspage 2023-09-14 v2.35 Module abspage for zref (HO)

(c:/texlive/2025/texmf-dist/tex/latex/zref/zref-base.sty
Package: zref-base 2023-09-14 v2.35 Module base for zref (HO)

(c:/texlive/2025/texmf-dist/tex/latex/auxhook/auxhook.sty
Package: auxhook 2019-12-17 v1.6 Hooks for auxiliary files (HO)
)
Package zref Info: New property list: main on input line 767.
Package zref Info: New property: default on input line 768.
Package zref Info: New property: page on input line 769.
)
\c@abspage=\count407
Package zref Info: New property: abspage on input line 67.
)
\@bidi@copyins@=\insert252
\bidi@typesethour=\count408
\bidi@typesetminute=\count409

(c:/texlive/2025/texmf-dist/tex/xelatex/bidi/latex-xetex-bidi.def
File: latex-xetex-bidi.def 2025/01/03 v1.5.2 bidi adaptations for `latex.ltx' f
or XeTeX engine
\bidi@n@everypar=\toks53
LaTeX Info: Redefining \centerline on input line 316.
LaTeX Info: Redefining \leftline on input line 325.
LaTeX Info: Redefining \rightline on input line 326.
LaTeX Info: Redefining \underline on input line 334.
\bidi@column@check@number=\count410

(c:/texlive/2025/texmf-dist/tex/xelatex/bidi/footnote-xetex-bidi.def
File: footnote-xetex-bidi.def 2024/12/14 v1.3 bidi footnote macros for XeTeX en
gine
\c@footdir@label=\count411
\footdir@toks=\toks54
)
(c:/texlive/2025/texmf-dist/tex/xelatex/bidi/algorithm2e-xetex-bidi.def
File: algorithm2e-xetex-bidi.def 2025/01/03 v0.3 bidi adaptations for algorithm
2e package for XeTeX engine
)
(c:/texlive/2025/texmf-dist/tex/xelatex/bidi/array-xetex-bidi.def
File: array-xetex-bidi.def 2024/12/10 v0.5 bidi adaptations for array package f
or XeTeX engine
)
(c:/texlive/2025/texmf-dist/tex/xelatex/bidi/color-xetex-bidi.def
File: color-xetex-bidi.def 2013/04/08 v0.2 bidi adaptations for color package f
or XeTeX engine
LaTeX Info: Redefining \color on input line 49.
)
(c:/texlive/2025/texmf-dist/tex/xelatex/bidi/fancyhdr-xetex-bidi.def
File: fancyhdr-xetex-bidi.def 2025/01/07 v0.9 bidi adaptations for fancyhdr pac
kage for XeTeX engine


Package bidi Warning: Oops! patching `\f@nch@hfbox@center' failed.


Package bidi Warning: Oops! patching `\f@nch@hfbox@center' failed.


Package bidi Warning: Oops! patching `\f@nch@hfbox@fit' failed.


Package bidi Warning: Oops! patching `\f@nch@hfbox@fit' failed.

) (c:/texlive/2025/texmf-dist/tex/xelatex/bidi/float-xetex-bidi.def
File: float-xetex-bidi.def 2013/04/04 v0.2 bidi adaptations for float package f
or XeTeX engine
)
(c:/texlive/2025/texmf-dist/tex/xelatex/bidi/graphicx-xetex-bidi.def
File: graphicx-xetex-bidi.def 2017/06/17 v0.5 bidi adaptations for graphicx pac
kage for XeTeX engine
)
(c:/texlive/2025/texmf-dist/tex/xelatex/bidi/hyperref-xetex-bidi.def
File: hyperref-xetex-bidi.def 2025/01/05 v1.4 bidi adaptations for hyperref pac
kage for XeTeX engine
)
(c:/texlive/2025/texmf-dist/tex/xelatex/bidi/lineno-xetex-bidi.def
File: lineno-xetex-bidi.def 2024/12/07 v0.3 bidi adaptations for lineno package
 for XeTeX engine
)
(c:/texlive/2025/texmf-dist/tex/xelatex/bidi/pgfsys-xetex-bidi.def
File: pgfsys-xetex-bidi.def 2025/01/05 v0.1 bidi adaptations for pgfsys package
 for XeTeX engine
)
(c:/texlive/2025/texmf-dist/tex/xelatex/bidi/ragged2e-xetex-bidi.def
File: ragged2e-xetex-bidi.def 2018/10/17 v0.3 bidi adaptations for ragged2e pac
kage for XeTeX engine
)
(c:/texlive/2025/texmf-dist/tex/xelatex/bidi/wrapfig-xetex-bidi.def
File: wrapfig-xetex-bidi.def 2014/04/23 v0.3 bidi adaptations for wrapfig packa
ge for XeTeX engine
)
(c:/texlive/2025/texmf-dist/tex/xelatex/bidi/xcolor-xetex-bidi.def
File: xcolor-xetex-bidi.def 2022/06/13 v0.3 bidi adaptations for xcolor package
 for XeTeX engine
LaTeX Info: Redefining \color on input line 48.
LaTeX Info: Redefining \bidicolor on input line 91.
)
(c:/texlive/2025/texmf-dist/tex/xelatex/bidi/pgfcorescopes.code-xetex-bidi.def
File: pgfcorescopes.code-xetex-bidi.def 2015/11/14 v0.1 bidi adaptations for pg
f package for XeTeX engine
))
\bidi@digits=\count412
\bidi@digits@charclass=\XeTeXcharclass1
\bidi@sepmark@charclass=\XeTeXcharclass2
)
\xepersian@tcl=\count413
\xepersian@ilg=\dimen296
\xepersian@strutilg=\dimen297

(c:/texlive/2025/texmf-dist/tex/xelatex/xepersian/footnote-xetex-bidi-xetex-xep
ersian.def
File: footnote-xetex-bidi-xetex-xepersian.def 2017/08/09 v0.6 xepersian adaptat
ions for footnotes for XeTeX engine
)
(c:/texlive/2025/texmf-dist/tex/xelatex/xepersian/report-xetex-xepersian.def
File: report-xetex-xepersian.def 2010/07/25 v0.2 xepersian adaptations for repo
rt class for XeTeX engine
)
(c:/texlive/2025/texmf-dist/tex/xelatex/xepersian/enumitem-xetex-xepersian.def
File: enumitem-xetex-xepersian.def 2017/09/06 v0.1 xepersian adaptations for en
umitem package for XeTeX engine
) (c:/texlive/2025/texmf-dist/tex/xelatex/xepersian/hyperref-xetex-xepersian.de
f
File: hyperref-xetex-xepersian.def 2022/10/30 v0.8 xepersian adaptations for hy
perref package for XeTeX engine
) (c:/texlive/2025/texmf-dist/tex/xelatex/xepersian/url-xetex-xepersian.def
File: url-xetex-xepersian.def 2022/02/18 v0.1 xepersian adaptations for url pac
kage for XeTeX engine
)
\xepersian@toks=\toks55
)

Package fontspec Info: 
(fontspec)             Font family 'lmroman10-regular(0)' created for font
(fontspec)             'lmroman10-regular' with options
(fontspec)             [Ligatures=TeX,Path,BoldFont={lmroman10-bold},BoldItalic
Font={lmroman10-bolditalic},ItalicFont={lmroman10-italic},SmallCapsFont={lmroma
ncaps10-regular},SlantedFont={lmromanslant10-regular},BoldSlantedFont={lmromans
lant10-bold}].
(fontspec)              
(fontspec)              This font family consists of the following NFSS
(fontspec)             series/shapes:
(fontspec)              
(fontspec)             - 'normal' (m/n) with NFSS spec.:
(fontspec)             <->"[lmroman10-regular]/OT:script=latn;language=dflt;map
ping=tex-text;"
(fontspec)             - 'small caps'  (m/sc) with NFSS spec.:
(fontspec)             <->"[lmromancaps10-regular]/OT:script=latn;language=dflt
;mapping=tex-text;"
(fontspec)             - 'bold' (b/n) with NFSS spec.:
(fontspec)             <->"[lmroman10-bold]/OT:script=latn;language=dflt;mappin
g=tex-text;"
(fontspec)             - 'bold small caps'  (b/sc) with NFSS spec.:
(fontspec)             <->"[lmromancaps10-regular]/OT:script=latn;language=dflt
;mapping=tex-text;"
(fontspec)             - 'italic' (m/it) with NFSS spec.:
(fontspec)             <->"[lmroman10-italic]/OT:script=latn;language=dflt;mapp
ing=tex-text;"
(fontspec)             - 'italic small caps'  (m/scit) with NFSS spec.:
(fontspec)             <->"[lmromancaps10-regular]/OT:script=latn;language=dflt
;mapping=tex-text;"
(fontspec)             - 'slanted' (m/sl) with NFSS spec.:
(fontspec)             <->"[lmromanslant10-regular]/OT:script=latn;language=dfl
t;mapping=tex-text;"
(fontspec)             - 'slanted small caps'  (m/scsl) with NFSS spec.:
(fontspec)             <->"[lmromancaps10-regular]/OT:script=latn;language=dflt
;mapping=tex-text;"
(fontspec)             - 'bold italic' (b/it) with NFSS spec.:
(fontspec)             <->"[lmroman10-bolditalic]/OT:script=latn;language=dflt;
mapping=tex-text;"
(fontspec)             - 'bold italic small caps'  (b/scit) with NFSS spec.:
(fontspec)             <->"[lmromancaps10-regular]/OT:script=latn;language=dflt
;mapping=tex-text;"
(fontspec)             - 'bold slanted' (b/sl) with NFSS spec.:
(fontspec)             <->"[lmromanslant10-bold]/OT:script=latn;language=dflt;m
apping=tex-text;"
(fontspec)             - 'bold slanted small caps'  (b/scsl) with NFSS spec.:
(fontspec)             <->"[lmromancaps10-regular]/OT:script=latn;language=dflt
;mapping=tex-text;"


Package fontspec Info: 
(fontspec)             Font family 'XBYas(0)' created for font 'XB Yas' with
(fontspec)             options
(fontspec)             [RawFeature={script=arab},Ligatures=PersianTeX,Path=./fo
nts/,BoldFont={XB
(fontspec)             Yas Bd},ItalicFont={XB Yas It},BoldItalicFont={XB Yas
(fontspec)             BdIt},Extension = .ttf].
(fontspec)              
(fontspec)              This font family consists of the following NFSS
(fontspec)             series/shapes:
(fontspec)              
(fontspec)             - 'normal' (m/n) with NFSS spec.: <->"[./fonts/XB
(fontspec)             Yas.ttf]/OT:script=latn;language=dflt;script=arab;mappin
g=persian-tex-text;"
(fontspec)             - 'bold' (b/n) with NFSS spec.: <->"[./fonts/XB Yas
(fontspec)             Bd.ttf]/OT:script=latn;language=dflt;script=arab;mapping
=persian-tex-text;"
(fontspec)             - 'italic' (m/it) with NFSS spec.: <->"[./fonts/XB Yas
(fontspec)             It.ttf]/OT:script=latn;language=dflt;script=arab;mapping
=persian-tex-text;"
(fontspec)             - 'bold italic' (b/it) with NFSS spec.: <->"[./fonts/XB
(fontspec)             Yas
(fontspec)             BdIt.ttf]/OT:script=latn;language=dflt;script=arab;mappi
ng=persian-tex-text;"


(c:/texlive/2025/texmf-dist/tex/latex/amsmath/amsmath.sty
Package: amsmath 2024/11/05 v2.17t AMS math features
\@mathmargin=\skip107

For additional information on amsmath, use the `?' option.
(c:/texlive/2025/texmf-dist/tex/latex/amsmath/amstext.sty
Package: amstext 2021/08/26 v2.01 AMS text

(c:/texlive/2025/texmf-dist/tex/latex/amsmath/amsgen.sty
File: amsgen.sty 1999/11/30 v2.0 generic functions
\@emptytoks=\toks56
\ex@=\dimen298
))
(c:/texlive/2025/texmf-dist/tex/xelatex/bidi/amstext-xetex-bidi.def
File: amstext-xetex-bidi.def 2016/09/12 v0.2 bidi adaptations for amstext packa
ge for XeTeX engine
)
(c:/texlive/2025/texmf-dist/tex/latex/amsmath/amsbsy.sty
Package: amsbsy 1999/11/29 v1.2d Bold Symbols
\pmbraise@=\dimen299
)
(c:/texlive/2025/texmf-dist/tex/latex/amsmath/amsopn.sty
Package: amsopn 2022/04/08 v2.04 operator names
)
\inf@bad=\count414
LaTeX Info: Redefining \frac on input line 233.
\uproot@=\count415
\leftroot@=\count416
LaTeX Info: Redefining \overline on input line 398.
LaTeX Info: Redefining \colon on input line 409.
\classnum@=\count417
\DOTSCASE@=\count418
LaTeX Info: Redefining \ldots on input line 495.
LaTeX Info: Redefining \dots on input line 498.
LaTeX Info: Redefining \cdots on input line 619.
\Mathstrutbox@=\box91
\strutbox@=\box92
LaTeX Info: Redefining \big on input line 721.
LaTeX Info: Redefining \Big on input line 722.
LaTeX Info: Redefining \bigg on input line 723.
LaTeX Info: Redefining \Bigg on input line 724.
\big@size=\dimen300
LaTeX Font Info:    Redeclaring font encoding OML on input line 742.
LaTeX Font Info:    Redeclaring font encoding OMS on input line 743.
\macc@depth=\count419
LaTeX Info: Redefining \bmod on input line 904.
LaTeX Info: Redefining \pmod on input line 909.
LaTeX Info: Redefining \smash on input line 939.
LaTeX Info: Redefining \relbar on input line 969.
LaTeX Info: Redefining \Relbar on input line 970.
\c@MaxMatrixCols=\count420
\dotsspace@=\muskip18
\c@parentequation=\count421
\dspbrk@lvl=\count422
\tag@help=\toks57
\row@=\count423
\column@=\count424
\maxfields@=\count425
\andhelp@=\toks58
\eqnshift@=\dimen301
\alignsep@=\dimen302
\tagshift@=\dimen303
\tagwidth@=\dimen304
\totwidth@=\dimen305
\lineht@=\dimen306
\@envbody=\toks59
\multlinegap=\skip108
\multlinetaggap=\skip109
\mathdisplay@stack=\toks60
LaTeX Info: Redefining \[ on input line 2953.
LaTeX Info: Redefining \] on input line 2954.
)
(c:/texlive/2025/texmf-dist/tex/xelatex/bidi/amsmath-xetex-bidi.def
File: amsmath-xetex-bidi.def 2020/05/16 v1.2 bidi adaptations for amsmath packa
ge for XeTeX engine
)
\@LN@amsmath@ams@eqpen=\count426
)
(c:/texlive/2025/texmf-dist/tex/latex/booktabs/booktabs.sty
Package: booktabs 2020/01/12 v1.61803398 Publication quality tables
\heavyrulewidth=\dimen307
\lightrulewidth=\dimen308
\cmidrulewidth=\dimen309
\belowrulesep=\dimen310
\belowbottomsep=\dimen311
\aboverulesep=\dimen312
\abovetopsep=\dimen313
\cmidrulesep=\dimen314
\cmidrulekern=\dimen315
\defaultaddspace=\dimen316
\@cmidla=\count427
\@cmidlb=\count428
\@aboverulesep=\dimen317
\@belowrulesep=\dimen318
\@thisruleclass=\count429
\@lastruleclass=\count430
\@thisrulewidth=\dimen319
) (./commands.tex
Package hyperref Info: Option `colorlinks' set `true' on input line 30.
\@float@every@program=\toks61
\c@program=\count431
)
(./firstpage.tex)
(c:/texlive/2025/texmf-dist/tex/xelatex/bidi/report-xetex-bidi.def
File: report-xetex-bidi.def 2025/02/02 v0.9 bidi adaptations for standard repor
t class for XeTeX engine
)
(c:/texlive/2025/texmf-dist/tex/xelatex/bidi/float-xetex-bidi.def
File: float-xetex-bidi.def 2013/04/04 v0.2 bidi adaptations for float package f
or XeTeX engine
) (./main.aux)
\openout1 = `main.aux'.

LaTeX Font Info:    Checking defaults for OML/cmm/m/it on input line 10.
LaTeX Font Info:    ... okay on input line 10.
LaTeX Font Info:    Checking defaults for OMS/cmsy/m/n on input line 10.
LaTeX Font Info:    ... okay on input line 10.
LaTeX Font Info:    Checking defaults for OT1/cmr/m/n on input line 10.
LaTeX Font Info:    ... okay on input line 10.
LaTeX Font Info:    Checking defaults for T1/cmr/m/n on input line 10.
LaTeX Font Info:    ... okay on input line 10.
LaTeX Font Info:    Checking defaults for TS1/cmr/m/n on input line 10.
LaTeX Font Info:    ... okay on input line 10.
LaTeX Font Info:    Checking defaults for TU/lmr/m/n on input line 10.
LaTeX Font Info:    ... okay on input line 10.
LaTeX Font Info:    Checking defaults for OMX/cmex/m/n on input line 10.
LaTeX Font Info:    ... okay on input line 10.
LaTeX Font Info:    Checking defaults for U/cmr/m/n on input line 10.
LaTeX Font Info:    ... okay on input line 10.
LaTeX Font Info:    Checking defaults for PD1/pdf/m/n on input line 10.
LaTeX Font Info:    ... okay on input line 10.
LaTeX Font Info:    Checking defaults for PU/pdf/m/n on input line 10.
LaTeX Font Info:    ... okay on input line 10.
Package hyperref Info: Link coloring ON on input line 10.
(./main.out) (./main.out)
\@outlinefile=\write5
\openout5 = `main.out'.

File: images/IUST_logo_color.png Graphic file (type bmp)
<images/IUST_logo_color.png>


[1

] (./main.toc

[1


]

LaTeX Font Info:    Font shape `TU/XBYas(0)/m/sl' in size <10> not available
(Font)              Font shape `TU/XBYas(0)/m/it' tried instead on input line 5
6.
[2]

[3]

[4])
\tf@toc=\write6
\openout6 = `main.toc'.



[5] (./intro.tex
فصل 1.


[6


]

[7]) (./android.tex

[8]
فصل 2.


[9

]
Overfull \hbox (3.55731pt too wide) in paragraph at lines 26--27
[][][]\TU/lmroman10-regular(0)/m/n/10 Use Case[] \TU/XBYas(0)/m/n/10 ها: کپسوله
 کردن منطق مانند بررسی دسترسی‌ها ([]\TU/lmroman10-regular(0)/m/n/10 PermissionU
seCase[]\TU/XBYas(0)/m/n/10 )، همگام‌سازی[]
 []



[10]
Overfull \hbox (5.44038pt too wide) in paragraph at lines 64--65
[][]\TU/XBYas(0)/m/n/10 UI با استفاده از []\TU/lmroman10-regular(0)/m/n/10 Cont
ext[] \TU/XBYas(0)/m/n/10 فعال، []\TU/lmroman10-regular(0)/m/n/10 Intent[]\TU/X
BYas(0)/m/n/10 های تنظیمات را به شکل ایمن اجرا می‌کند تا با محدودیت‌های[]
 []



[11]
Overfull \hbox (1.18674pt too wide) in paragraph at lines 95--96
[][]\TU/XBYas(0)/m/n/10 فایل []\TU/lmroman10-regular(0)/m/n/10 AndroidManifest.
xml[] \TU/XBYas(0)/m/n/10 شامل تمامی مجوزهای مورد نیاز با دستورهای []\TU/lmroma
n10-regular(0)/m/n/10 uses-permission[][]
 []



[12]

[13]
Overfull \hbox (5.6876pt too wide) in paragraph at lines 137--139
[][][]\TU/lmroman10-regular(0)/b/n/10 /model/SendResetCodeRequest.kt[]\TU/XBYas
(0)/b/n/10 : \TU/XBYas(0)/m/n/10 مدلی برای ارسال درخواست دریافت کد بازیابی[]
 []



[14]
Overfull \hbox (3.45718pt too wide) in paragraph at lines 187--189
[][][]\TU/lmroman10-regular(0)/b/n/10 /auth/components/ResetIdentifierStep.kt[]
\TU/XBYas(0)/b/n/10 : \TU/XBYas(0)/m/n/10 کامپوننت []\TU/lmroman10-regular(0)/m
/n/10 Jetpack Compose[][]
 []


Overfull \hbox (4.38719pt too wide) in paragraph at lines 189--191
[][][]\TU/lmroman10-regular(0)/b/n/10 /auth/components/ResetPasswordStep.kt[]\T
U/XBYas(0)/b/n/10 : \TU/XBYas(0)/m/n/10 کامپوننت []\TU/lmroman10-regular(0)/m/n
/10 Jetpack Compose[][]
 []


Overfull \hbox (15.00124pt too wide) in paragraph at lines 189--191
[]\TU/XBYas(0)/m/n/10 برای وارد کردن و تأیید رمز عبور جدید در فرآیند بازیابی. د
ارای ورودی‌های متنی با قابلیت نمایش/مخفی‌کردن[]
 []


Overfull \hbox (15.12718pt too wide) in paragraph at lines 191--193
[][][]\TU/lmroman10-regular(0)/b/n/10 /auth/components/ResetVerificationStep.kt
[]\TU/XBYas(0)/b/n/10 : \TU/XBYas(0)/m/n/10 کامپوننت []\TU/lmroman10-regular(0)
/m/n/10 Jetpack Compose[][]
 []



[15]

[16]
Overfull \hbox (26.31947pt too wide) in paragraph at lines 235--240
[][][]\TU/lmroman10-regular(0)/b/n/10 /utils/ParametersUtility.kt[]\TU/XBYas(0)
/b/n/10 : \TU/XBYas(0)/m/n/10 این کد اطلاعات سلولی شبکه‌های موبایل ([]\TU/lmrom
an10-regular(0)/m/n/10 GSM[]\TU/XBYas(0)/m/n/10 ، []\TU/lmroman10-regular(0)/m/
n/10 WCDMA[]\TU/XBYas(0)/m/n/10 ،[]
 []



[17]
Overfull \hbox (14.29619pt too wide) in paragraph at lines 247--249
[][][]\TU/lmroman10-regular(0)/b/n/10 RepositoryModule.kt[]\TU/XBYas(0)/b/n/10 
: \TU/XBYas(0)/m/n/10 مخازن داده مربوط به شبکه ([]\TU/lmroman10-regular(0)/m/n/
10 Network Repository[]\TU/XBYas(0)/m/n/10 ) و ذخیره‌سازی[]
 []


Overfull \hbox (32.16739pt too wide) in paragraph at lines 256--258
[]\TU/XBYas(0)/m/n/10 اصلی شامل []\TU/lmroman10-regular(0)/m/n/10 Loading[]\TU/
XBYas(0)/m/n/10 ، []\TU/lmroman10-regular(0)/m/n/10 Empty[]\TU/XBYas(0)/m/n/10 
، []\TU/lmroman10-regular(0)/m/n/10 Error[]\TU/XBYas(0)/m/n/10 ، []\TU/lmroman1
0-regular(0)/m/n/10 Success[] \TU/XBYas(0)/m/n/10 (دریافت موفق داده‌های شبکه) و
 []\TU/lmroman10-regular(0)/m/n/10 LocationSuccess[]\TU/XBYas(0)/m/n/10 . []
 []


Overfull \hbox (2.01784pt too wide) in paragraph at lines 268--270
[][][]\TU/lmroman10-regular(0)/b/n/10 /home/components/HomeContent.kt[]\TU/XBYa
s(0)/b/n/10 : \TU/XBYas(0)/m/n/10 ساختار اصلی صفحه که شامل دکمه اجرای[]
 []


Overfull \hbox (11.96269pt too wide) in paragraph at lines 271--273
[][][]\TU/lmroman10-regular(0)/b/n/10 /home/components/HomeStateContent.kt[]\TU
/XBYas(0)/b/n/10 : \TU/XBYas(0)/m/n/10 مدیریت وضعیت‌های مختلف صفحه[]
 []



[18]
Overfull \hbox (18.64961pt too wide) in paragraph at lines 277--279
[][][]\TU/lmroman10-regular(0)/b/n/10 /home/components/TestSelectionSection.kt[
] \TU/XBYas(0)/b/n/10 & []\TU/lmroman10-regular(0)/b/n/10 TestToggleButton.kt[]
\TU/XBYas(0)/b/n/10 :[]
 []


Overfull \hbox (0.15141pt too wide) in paragraph at lines 280--282
[][][]\TU/lmroman10-regular(0)/b/n/10 /home/components/networkResults.kt[]\TU/X
BYas(0)/b/n/10 : \TU/XBYas(0)/m/n/10 نمایش نتایج تست‌ها و اطلاعات شبکه[]
 []


Overfull \hbox (1.87233pt too wide) in paragraph at lines 283--285
[][][]\TU/lmroman10-regular(0)/b/n/10 /home/components/KeyMetricCard.kt[]\TU/XB
Yas(0)/b/n/10 : \TU/XBYas(0)/m/n/10 کارت شاخص‌های کلیدی عملکرد برای[]
 []


Overfull \hbox (9.12674pt too wide) in paragraph at lines 286--288
[][][]\TU/lmroman10-regular(0)/b/n/10 /home/components/NetworkInfoCard.kt[] \TU
/XBYas(0)/b/n/10 & []\TU/lmroman10-regular(0)/b/n/10 KeyValueRow.kt[]\TU/XBYas(
0)/b/n/10 : \TU/XBYas(0)/m/n/10 نمایش[]
 []


Overfull \hbox (2.51756pt too wide) in paragraph at lines 305--307
[][][]\TU/lmroman10-regular(0)/b/n/10 /model/NetworkDataDatabase.kt[]\TU/XBYas(
0)/b/n/10 : \TU/XBYas(0)/m/n/10 کلاس پیکربندی پایگاه داده []\TU/lmroman10-regul
ar(0)/m/n/10 Room[] \TU/XBYas(0)/m/n/10 که انتیتی‌ها[]
 []



[19]
LaTeX Font Info:    Font shape `TU/lmtt/bx/n' in size <10> not available
(Font)              Font shape `TU/lmtt/b/n' tried instead on input line 312.

Overfull \hbox (12.12895pt too wide) in paragraph at lines 312--317
[][]\TU/lmtt/b/n/10 /data/local/AppDatabaseHelper.kt\TU/XBYas(0)/b/n/10 : \TU/X
BYas(0)/m/n/10 این کد یک دیتابیس محلی (\TU/lmtt/m/n/10 Room Database\TU/XBYas(0
)/m/n/10 )[]
 []


Overfull \hbox (109.53952pt too wide) in paragraph at lines 312--317
[]\TU/XBYas(0)/m/n/10 می‌شود و در صورت نیاز به تغییر اسکیمای دیتابیس، به‌صورت خ
ودکار ریست می‌شود (\TU/lmtt/m/n/10 fallbackToDestructiveMigration\TU/XBYas(0)/m
/n/10 ).[]
 []


Overfull \hbox (4.57pt too wide) in paragraph at lines 341--343
[][][]\TU/lmroman10-regular(0)/b/n/10 /model/Measurement.kt[] \TU/XBYas(0)/b/n/
10 و []\TU/lmroman10-regular(0)/b/n/10 /model/MeasurementRequest.kt[]\TU/XBYas(
0)/b/n/10 : \TU/XBYas(0)/m/n/10 ساختار[]
 []


Overfull \hbox (17.34717pt too wide) in paragraph at lines 341--343
[]\TU/XBYas(0)/m/n/10 مثل پینگ و []\TU/lmroman10-regular(0)/m/n/10 DNS[]\TU/XBY
as(0)/m/n/10 ) را تعریف می‌کند. این داده‌ها برای ارسال به سرور در قالب []\TU/lm
roman10-regular(0)/m/n/10 MeasurementRequest[][]
 []



[20]
Overfull \hbox (21.48653pt too wide) in paragraph at lines 347--349
[][][]\TU/lmroman10-regular(0)/b/n/10 /model/NetworkDataDao.kt[]\TU/XBYas(0)/b/
n/10 : \TU/XBYas(0)/m/n/10 رابط []\TU/lmroman10-regular(0)/m/n/10 DAO[] \TU/XBY
as(0)/m/n/10 برای دریافت داده‌های ذخیره‌نشده ([]\TU/lmroman10-regular(0)/m/n/10
 unsynced[]\TU/XBYas(0)/m/n/10 )[]
 []


Overfull \hbox (29.9528pt too wide) in paragraph at lines 356--358
[][][]\TU/lmroman10-regular(0)/b/n/10 /data/repository/NetworkRepositoryImpl.kt
[]\TU/XBYas(0)/b/n/10 : \TU/XBYas(0)/m/n/10 پیاده‌سازی []\TU/lmroman10-regular(
0)/m/n/10 NetworkRepository[][]
 []


Overfull \hbox (2.21791pt too wide) in paragraph at lines 356--358
[]\TU/XBYas(0)/m/n/10 پیاده‌سازی می‌کند. از []\TU/lmroman10-regular(0)/m/n/10 C
ookieManager[] \TU/XBYas(0)/m/n/10 برای دریافت توکن احراز هویت و از []\TU/lmrom
an10-regular(0)/m/n/10 NetworkDataApi[][]
 []


Overfull \hbox (27.1931pt too wide) in paragraph at lines 366--368
[][][]\TU/lmroman10-regular(0)/b/n/10 /utils/DataSyncScheduler.kt[]\TU/XBYas(0)
/b/n/10 : \TU/XBYas(0)/m/n/10 ابزار زمان‌بندی همگام‌سازی که با استفاده از []\TU
/lmroman10-regular(0)/m/n/10 WorkManager[][]
 []



[21]
Overfull \hbox (49.06778pt too wide) in paragraph at lines 375--377
[][][]\TU/lmroman10-regular(0)/b/n/10 RepositoryModule.kt[]\TU/XBYas(0)/b/n/10 
: \TU/XBYas(0)/m/n/10 نمونه []\TU/lmroman10-regular(0)/m/n/10 NetworkRepository
[] \TU/XBYas(0)/m/n/10 را با پیاده‌سازی []\TU/lmroman10-regular(0)/m/n/10 Netwo
rkRepositoryImpl[][]
 []


Overfull \hbox (91.97363pt too wide) in paragraph at lines 381--383
[][][]\TU/lmroman10-regular(0)/b/n/10 /home/components/HomeContent.kt[] \TU/XBY
as(0)/b/n/10 و []\TU/lmroman10-regular(0)/b/n/10 /home/components/HomeStateCont
ent.kt[]\TU/XBYas(0)/b/n/10 :[]
 []


Overfull \hbox (8.63033pt too wide) in paragraph at lines 399--401
[][][]\TU/lmroman10-regular(0)/b/n/10 /domain/usecase/settings/SettingsUseCases
.kt[]\TU/XBYas(0)/b/n/10 : \TU/XBYas(0)/m/n/10 مجموعه‌ای از []\TU/lmroman10-reg
ular(0)/m/n/10 UseCase[]\TU/XBYas(0)/m/n/10 ‌ها[]
 []


Overfull \hbox (13.96902pt too wide) in paragraph at lines 402--404
[][][]\TU/lmroman10-regular(0)/b/n/10 /domain/usecase/settings/LoadSimCards.kt[
]\TU/XBYas(0)/b/n/10 : \TU/XBYas(0)/m/n/10 لیست سیم‌کارت‌های فعال دستگاه[]
 []


Overfull \hbox (1.42336pt too wide) in paragraph at lines 405--408
[][][]\TU/lmroman10-regular(0)/b/n/10 /domain/usecase/settings/TestConfig.kt[]\
TU/XBYas(0)/b/n/10 : \TU/XBYas(0)/m/n/10 شامل مجموعه‌ای از []\TU/lmroman10-regu
lar(0)/m/n/10 UseCase[]\TU/XBYas(0)/m/n/10 ‌های[]
 []



[22]
Overfull \hbox (2.84256pt too wide) in paragraph at lines 413--414
[][][]\TU/lmroman10-regular(0)/m/n/10 GetSelectedSimSlotIdUseCase[] \TU/XBYas(0
)/m/n/10 و []\TU/lmroman10-regular(0)/m/n/10 GetSelectedSimSubsIdUseCase[]\TU/X
BYas(0)/m/n/10 : واکشی[]
 []


Overfull \hbox (3.91864pt too wide) in paragraph at lines 419--421
[][][]\TU/lmroman10-regular(0)/b/n/10 /domain/model/SimInfo.kt[]\TU/XBYas(0)/b/
n/10 : \TU/XBYas(0)/m/n/10 برای مدیریت و نگهداری اطلاعات مربوط به سیم‌کارت‌های[
]
 []


Overfull \hbox (2.51056pt too wide) in paragraph at lines 425--427
[][][]\TU/lmroman10-regular(0)/b/n/10 /utils/TestConfigManager.kt[]\TU/XBYas(0)
/b/n/10 : \TU/XBYas(0)/m/n/10 مدیریت تمام تنظیمات کاربر شامل شماره تست پیامک،[]

 []


Overfull \hbox (20.96735pt too wide) in paragraph at lines 425--427
[]\TU/XBYas(0)/m/n/10 آدرس پینگ، دامنه []\TU/lmroman10-regular(0)/m/n/10 DNS[]\
TU/XBYas(0)/m/n/10 ، []\TU/lmroman10-regular(0)/m/n/10 URL[] \TU/XBYas(0)/m/n/1
0 تست وب و سیم‌کارت انتخاب‌شده. این داده‌ها در []\TU/lmroman10-regular(0)/m/n/1
0 SharedPreferences[][]
 []


Overfull \hbox (6.74866pt too wide) in paragraph at lines 428--430
[][][]\TU/lmroman10-regular(0)/b/n/10 /utils/DataSyncScheduler.kt[]\TU/XBYas(0)
/b/n/10 : \TU/XBYas(0)/m/n/10 وظیفه ذخیره‌سازی و به‌روزرسانی بازه همگام‌سازی دو
ره‌ای[]
 []


Overfull \hbox (25.94667pt too wide) in paragraph at lines 434--436
[][][]\TU/lmroman10-regular(0)/b/n/10 SettingsUseCases[]\TU/XBYas(0)/b/n/10 : \
TU/XBYas(0)/m/n/10 از طریق []\TU/lmroman10-regular(0)/m/n/10 Hilt[] \TU/XBYas(0
)/m/n/10 به []\TU/lmroman10-regular(0)/m/n/10 SettingsViewModel[] \TU/XBYas(0)/
m/n/10 تزریق می‌شود و تمام []\TU/lmroman10-regular(0)/m/n/10 UseCase[]\TU/XBYas
(0)/m/n/10 ‌های[]
 []



[23]
Overfull \hbox (6.8888pt too wide) in paragraph at lines 452--454
[][][]\TU/lmroman10-regular(0)/b/n/10 /presentation/settings/components/TestCon
figurationSection.kt[]\TU/XBYas(0)/b/n/10 :[]
 []


Overfull \hbox (27.59233pt too wide) in paragraph at lines 463--465
[]\TU/XBYas(0)/m/n/10 تمام دسترسی‌های مورد نیاز با استفاده از توابعی نظیر []\TU
/lmroman10-regular(0)/m/n/10 requiredPermissions()[] \TU/XBYas(0)/m/n/10 و []\T
U/lmroman10-regular(0)/m/n/10 permissionStatus()[][]
 []



[24]
Overfull \hbox (2.04866pt too wide) in paragraph at lines 482--484
[][][]\TU/lmroman10-regular(0)/b/n/10 /presentation/permission/PermissionsViewM
odel.kt[]\TU/XBYas(0)/b/n/10 : \TU/XBYas(0)/m/n/10 مدیریت وضعیت[]
 []


Overfull \hbox (2.97878pt too wide) in paragraph at lines 492--493
[][][]\TU/lmroman10-regular(0)/b/n/10 PermissionsContent.kt[]\TU/XBYas(0)/b/n/1
0 : \TU/XBYas(0)/m/n/10 لیست کلی دسترسی‌ها همراه با وضعیت آن‌ها و تعداد دسترسی‌
های[]
 []


Overfull \hbox (3.08104pt too wide) in paragraph at lines 499--502
[][][]\TU/lmroman10-regular(0)/b/n/10 /service/TestExecutionService.kt[]\TU/XBY
as(0)/b/n/10 : \TU/XBYas(0)/m/n/10 یک []\TU/lmroman10-regular(0)/m/n/10 Foregro
und Service[] \TU/XBYas(0)/m/n/10 که مسئول اجرای[]
 []



[25]

[26]
Missing character: There is no و (U+0648) in font [lmroman10-regular]/OT:script
=latn;language=dflt;mapping=tex-text;!
) (./backend.tex

[27]
فصل 3.


[28

]

[29]
Overfull \hbox (1.41295pt too wide) in paragraph at lines 65--66
[][]\TU/XBYas(0)/m/n/10 created at خودکار و ایندکس ها: ایندکس روی ([]\TU/lmroma
n10-regular(0)/m/n/10 user, timestamp[]\TU/XBYas(0)/m/n/10 ) و ([]\TU/lmroman10
-regular(0)/m/n/10 latitude, longitude[]\TU/XBYas(0)/m/n/10 )[]
 []



[30]

[31]

[32]

[33]

[34]

[35]

[36]
Overfull \hbox (2.53748pt too wide) in paragraph at lines 239--243
[]\TU/XBYas(0)/m/n/10 در این پروؤه از یک اسکریپت ساده استفده شده بود که []\TU/l
mroman10-regular(0)/m/n/10 sqldump[] \TU/XBYas(0)/m/n/10 را سر ساعت ۱۲ هر روز د
ر فایل[]\TU/lmroman10-regular(0)/m/n/10 backup.sql[][]
 []



[37]) (./frontend.tex

[38]
فصل 4.


[39

]

[40]

[41]
Overfull \hbox (7.01065pt too wide) in paragraph at lines 80--81
[][]\TU/XBYas(0)/m/n/10 مقداردهی اولیه‌ی وضعیت با استفاده از داده‌های ذخیره‌شده
 در کوکی‌ها توسط []\TU/lmroman10-regular(0)/m/n/10 CookieManager[]\TU/XBYas(0)/
m/n/10 . []
 []



[42]
Overfull \hbox (5.99925pt too wide) in paragraph at lines 104--105
[][][]\TU/lmroman10-regular(0)/m/n/10 QueryClientProvider[] \TU/XBYas(0)/m/n/10
 برای مدیریت درخواست‌های داده با []\TU/lmroman10-regular(0)/m/n/10 @tanstack/re
act-query[]\TU/XBYas(0)/m/n/10 . []
 []


Overfull \hbox (3.72371pt too wide) in paragraph at lines 115--116
[][]\TU/XBYas(0)/b/n/10 Constants.js\TU/XBYas(0)/m/n/10 : شامل ثابت‌های سراسری 
مانند آدرس پایه API، دامنه اصلی و کلید ذخیره‌سازی[]
 []



[43]

[44]
Overfull \hbox (12.11844pt too wide) in paragraph at lines 144--145
[]\TU/XBYas(0)/m/n/10 ورودی کاربر اعتبارسنجی شده و با متد []\TU/lmroman10-regul
ar(0)/m/n/10 ResetPasswordManager.sendResetCode[][]
 []


Overfull \hbox (5.94672pt too wide) in paragraph at lines 153--154
[][]\TU/lmroman10-regular(0)/m/n/10 location.state[] \TU/XBYas(0)/m/n/10 دریافت
 می‌شوند. تابع []\TU/lmroman10-regular(0)/m/n/10 onSubmit[] \TU/XBYas(0)/m/n/10
 درخواست تأیید را به []\TU/lmroman10-regular(0)/m/n/10 VerifyManager[][]
 []



[45]
Overfull \hbox (2.3531pt too wide) in paragraph at lines 162--167
[]\TU/XBYas(0)/m/n/10 داده‌های داشبورد را بر عهده دارد. در این فایل، درخواست‌ها
ی لازم برای دریافت اطلاعات اندازه‌گیری‌های[]
 []



[46]
Overfull \hbox (1.9792pt too wide) in paragraph at lines 203--212
[][]\TU/XBYas(0)/b/n/10 pages/Dashboard/components/ColumnConfig.js\TU/XBYas(0)/
m/n/10 : این فایل پیکربندی ستون‌های جدول[]
 []


Overfull \hbox (6.14107pt too wide) in paragraph at lines 203--212
[]\TU/XBYas(0)/m/n/10 ظاهری اختصاصی است. برای مثال ستون زمان (timestamp) با است
فاده از تابع []\TU/lmroman10-regular(0)/m/n/10 formatDateTime[][]
 []



[47]
Overfull \hbox (22.7165pt too wide) in paragraph at lines 213--222
[][]\TU/XBYas(0)/b/n/10 pages/Dashboard/components/DashboardCharts.jsx\TU/XBYas
(0)/m/n/10 : این فایل مجموعه‌ای از کامپوننت‌های[]
 []



[48]

[49]
Overfull \hbox (6.35098pt too wide) in paragraph at lines 279--283
[][]\TU/XBYas(0)/b/n/10 utils/DatetimeUtility.js\TU/XBYas(0)/m/n/10 : این فایل 
شامل دو تابع است: تابع formatDateTime برای قالب‌بندی[]
 []



[50]
Overfull \hbox (9.76517pt too wide) in paragraph at lines 314--315
[]\TU/XBYas(0)/m/n/10 در سطحِ منطقی، جریانِ داده چنین است: صفحهٔ []\TU/lmroman1
0-regular(0)/m/n/10 Map[] \TU/XBYas(0)/m/n/10 از []\TU/lmroman10-regular(0)/m/n
/10 MapManager.getMeasurements(allData)[][]
 []



[51]

[52]
Missing character: There is no ‏ (U+200F) in font [lmmono10-regular]:!


[53])

[54]
runsystem(latexminted cleantemp  --timestamp 20250821163534 FAD58DE7366495DB465
0CFEFAC2FCD61)...executed safely (allowed).

 (./main.aux)
 ***********
LaTeX2e <2024-11-01> patch level 2
L3 programming layer <2020/03/25>
 ***********
Package rerunfilecheck Info: File `main.out' has not changed.
(rerunfilecheck)             Checksum: E025476196107093831C5F009105770F;23414.
 ) 
Here is how much of TeX's memory you used:
 32287 strings out of 473832
 709578 string characters out of 5733159
 1339232 words of memory out of 5000000
 54731 multiletter control sequences out of 15000+600000
 563349 words of font info for 87 fonts, out of 8000000 for 9000
 1348 hyphenation exceptions out of 8191
 93i,13n,96p,1012b,593s stack positions out of 10000i,1000n,20000p,200000b,200000s

Output written on main.pdf (55 pages).
