\BOOKMARK [0][-]{chapter.1}{\376\377\006\105\006\102\006\057\006\105\006\107}{}% 1
\BOOKMARK [1][-]{section.1.1}{\376\377\006\050\006\314\006\047\006\106\000\040\006\105\006\063\006\046\006\104\006\107}{chapter.1}% 2
\BOOKMARK [1][-]{section.1.2}{\376\377\006\052\006\071\006\061\006\314\006\101\000\040\006\176\006\061\006\110\006\230\006\107}{chapter.1}% 3
\BOOKMARK [1][-]{section.1.3}{\376\377\006\107\006\057\006\101\000\040\006\251\006\104\006\314}{chapter.1}% 4
\BOOKMARK [1][-]{section.1.4}{\376\377\006\047\006\054\006\062\006\047\006\041\000\040\006\176\006\061\006\110\006\230\006\107}{chapter.1}% 5
\BOOKMARK [0][-]{chapter.2}{\376\377\006\047\006\106\006\057\006\061\006\110\006\314\006\057}{}% 6
\BOOKMARK [1][-]{section.2.1}{\376\377\006\105\006\071\006\105\006\047\006\061\006\314\000\040\000P\000o\000l\000a\000r\000i\000s\000\040\000C\000l\000i\000e\000n\000t}{chapter.2}% 7
\BOOKMARK [2][-]{subsection.2.1.1}{\376\377\006\047\006\054\006\062\006\047\006\314\000\040\006\047\006\065\006\104\006\314}{section.2.1}% 8
\BOOKMARK [2][-]{subsection.2.1.2}{\376\377\006\052\006\062\006\061\006\314\006\102\000\040\006\110\006\047\006\050\006\063\006\052\006\257\006\314\000\040\006\050\006\047\000\040\000H\000i\000l\000t}{section.2.1}% 9
\BOOKMARK [2][-]{subsection.2.1.3}{\376\377\006\110\006\070\006\047\006\314\006\101\000\040\006\176\006\063\040\014\006\062\006\105\006\314\006\106\006\107\000\040\006\110\000\040\000W\000o\000r\000k\000M\000a\000n\000a\000g\000e\000r}{section.2.1}% 10
\BOOKMARK [2][-]{subsection.2.1.4}{\376\377\006\105\006\057\006\314\006\061\006\314\006\052\000\040\006\057\006\063\006\052\006\061\006\063\006\314\040\014\006\107\006\047}{section.2.1}% 11
\BOOKMARK [2][-]{subsection.2.1.5}{\376\377\006\063\006\061\006\110\006\314\006\063\000\040\000f\000o\000r\000e\000g\000r\000o\000u\000n\000d\000\040\006\050\006\061\006\047\006\314\000\040\006\052\006\063\006\052\000\040\006\064\006\050\006\251\006\107}{section.2.1}% 12
\BOOKMARK [2][-]{subsection.2.1.6}{\376\377\006\047\006\061\006\052\006\050\006\047\006\067\000\040\006\064\006\050\006\251\006\107\000\040\006\110\000\040\006\105\006\057\006\104\040\014\006\107\006\047\006\314\000\040\006\057\006\047\006\057\006\107}{section.2.1}% 13
\BOOKMARK [2][-]{subsection.2.1.7}{\376\377\006\206\006\061\006\056\006\107\000\040\006\055\006\314\006\047\006\052\000\040\006\050\006\061\006\106\006\047\006\105\006\107\000\040\006\110\000\040\006\052\006\054\006\061\006\050\006\107\000\040\006\251\006\047\006\061\006\050\006\061\006\314}{section.2.1}% 14
\BOOKMARK [2][-]{subsection.2.1.8}{\376\377\006\105\006\102\006\057\006\047\006\061\006\057\006\107\006\314\000\040\000M\000a\000n\000i\000f\000e\000s\000t\000\040\006\110\000\040\006\052\006\106\006\070\006\314\006\105\006\047\006\052\000\040\006\047\006\105\006\106\006\314\006\052\006\314}{section.2.1}% 15
\BOOKMARK [2][-]{subsection.2.1.9}{\376\377\006\056\006\104\006\047\006\065\006\107\000\040\006\101\006\106\006\047\006\110\006\061\006\314\040\014\006\107\006\047}{section.2.1}% 16
\BOOKMARK [1][-]{section.2.2}{\376\377\006\047\006\055\006\061\006\047\006\062\000\040\006\107\006\110\006\314\006\052}{chapter.2}% 17
\BOOKMARK [2][-]{subsection.2.2.1}{\376\377\006\104\006\047\006\314\006\107\000\040\006\057\006\047\006\105\006\106\006\107\000\040\000\050\000D\000o\000m\000a\000i\000n\000\040\000L\000a\000y\000e\000r\000\051}{section.2.2}% 18
\BOOKMARK [2][-]{subsection.2.2.2}{\376\377\006\104\006\047\006\314\006\107\000\040\006\057\006\047\006\057\006\107\000\040\000\050\000D\000a\000t\000a\000\040\000L\000a\000y\000e\000r\000\051}{section.2.2}% 19
\BOOKMARK [2][-]{subsection.2.2.3}{\376\377\006\052\006\062\006\061\006\314\006\102\000\040\006\110\006\047\006\050\006\063\006\052\006\257\006\314\000\040\000\050\000D\000e\000p\000e\000n\000d\000e\000n\000c\000y\000\040\000I\000n\000j\000e\000c\000t\000i\000o\000n\000\051}{section.2.2}% 20
\BOOKMARK [2][-]{subsection.2.2.4}{\376\377\006\104\006\047\006\314\006\107\000\040\006\047\006\061\006\047\006\046\006\107\000\040\000\050\000P\000r\000e\000s\000e\000n\000t\000a\000t\000i\000o\000n\000\040\000L\000a\000y\000e\000r\000\051}{section.2.2}% 21
\BOOKMARK [1][-]{section.2.3}{\376\377\006\065\006\101\006\055\006\107\000\040\006\047\006\065\006\104\006\314\000\040\006\110\000\040\006\047\006\106\006\057\006\047\006\062\006\107\040\014\006\257\006\314\006\061\006\314\000\040\006\064\006\050\006\251\006\107}{chapter.2}% 22
\BOOKMARK [2][-]{subsection.2.3.1}{\376\377\006\104\006\047\006\314\006\107\000\040\006\057\006\047\006\105\006\106\006\107\000\040\000\050\000D\000o\000m\000a\000i\000n\000\040\000L\000a\000y\000e\000r\000\051}{section.2.3}% 23
\BOOKMARK [2][-]{subsection.2.3.2}{\376\377\006\104\006\047\006\314\006\107\000\040\006\057\006\047\006\057\006\107\000\040\000\050\000D\000a\000t\000a\000\040\000L\000a\000y\000e\000r\000\051}{section.2.3}% 24
\BOOKMARK [2][-]{subsection.2.3.3}{\376\377\006\052\006\062\006\061\006\314\006\102\000\040\006\110\006\047\006\050\006\063\006\052\006\257\006\314\000\040\000\050\000D\000e\000p\000e\000n\000d\000e\000n\000c\000y\000\040\000I\000n\000j\000e\000c\000t\000i\000o\000n\000\051}{section.2.3}% 25
\BOOKMARK [2][-]{subsection.2.3.4}{\376\377\006\104\006\047\006\314\006\107\000\040\006\047\006\061\006\047\006\046\006\107\000\040\000\050\000P\000r\000e\000s\000e\000n\000t\000a\000t\000i\000o\000n\000\040\000L\000a\000y\000e\000r\000\051}{section.2.3}% 26
\BOOKMARK [1][-]{section.2.4}{\376\377\006\060\006\056\006\314\006\061\006\107\040\014\006\063\006\047\006\062\006\314\000\040\006\057\006\061\000\040\006\176\006\047\006\314\006\257\006\047\006\107\000\040\006\057\006\047\006\057\006\107}{chapter.2}% 27
\BOOKMARK [2][-]{subsection.2.4.1}{\376\377\006\104\006\047\006\314\006\107\000\040\006\057\006\047\006\105\006\106\006\107\000\040\000\050\000D\000o\000m\000a\000i\000n\000\040\000L\000a\000y\000e\000r\000\051}{section.2.4}% 28
\BOOKMARK [2][-]{subsection.2.4.2}{\376\377\006\104\006\047\006\314\006\107\000\040\006\057\006\047\006\057\006\107\000\040\000\050\000D\000a\000t\000a\000\040\000L\000a\000y\000e\000r\000\051}{section.2.4}% 29
\BOOKMARK [2][-]{subsection.2.4.3}{\376\377\006\052\006\062\006\061\006\314\006\102\000\040\006\110\006\047\006\050\006\063\006\052\006\257\006\314\000\040\000\050\000D\000e\000p\000e\000n\000d\000e\000n\000c\000y\000\040\000I\000n\000j\000e\000c\000t\000i\000o\000n\000\051}{section.2.4}% 30
\BOOKMARK [2][-]{subsection.2.4.4}{\376\377\006\104\006\047\006\314\006\107\000\040\006\047\006\061\006\047\006\046\006\107\000\040\000\050\000P\000r\000e\000s\000e\000n\000t\000a\000t\000i\000o\000n\000\040\000L\000a\000y\000e\000r\000\051}{section.2.4}% 31
\BOOKMARK [1][-]{section.2.5}{\376\377\006\107\006\105\006\257\006\047\006\105\040\014\006\063\006\047\006\062\006\314\000\040\006\050\006\047\000\040\006\063\006\061\006\110\006\061}{chapter.2}% 32
\BOOKMARK [2][-]{subsection.2.5.1}{\376\377\006\104\006\047\006\314\006\107\000\040\006\057\006\047\006\105\006\106\006\107\000\040\000\050\000D\000o\000m\000a\000i\000n\000\040\000L\000a\000y\000e\000r\000\051}{section.2.5}% 33
\BOOKMARK [2][-]{subsection.2.5.2}{\376\377\006\104\006\047\006\314\006\107\000\040\006\057\006\047\006\057\006\107\000\040\000\050\000D\000a\000t\000a\000\040\000L\000a\000y\000e\000r\000\051}{section.2.5}% 34
\BOOKMARK [2][-]{subsection.2.5.3}{\376\377\006\052\006\062\006\061\006\314\006\102\000\040\006\110\006\047\006\050\006\063\006\052\006\257\006\314\000\040\000\050\000D\000e\000p\000e\000n\000d\000e\000n\000c\000y\000\040\000I\000n\000j\000e\000c\000t\000i\000o\000n\000\051}{section.2.5}% 35
\BOOKMARK [2][-]{subsection.2.5.4}{\376\377\006\104\006\047\006\314\006\107\000\040\006\047\006\061\006\047\006\046\006\107\000\040\000\050\000P\000r\000e\000s\000e\000n\000t\000a\000t\000i\000o\000n\000\040\000L\000a\000y\000e\000r\000\051}{section.2.5}% 36
\BOOKMARK [1][-]{section.2.6}{\376\377\006\052\006\106\006\070\006\314\006\105\006\047\006\052\000\040\006\110\000\040\006\052\006\061\006\054\006\314\006\055\006\047\006\052}{chapter.2}% 37
\BOOKMARK [2][-]{subsection.2.6.1}{\376\377\006\104\006\047\006\314\006\107\000\040\006\057\006\047\006\105\006\106\006\107\000\040\000\050\000D\000o\000m\000a\000i\000n\000\040\000L\000a\000y\000e\000r\000\051}{section.2.6}% 38
\BOOKMARK [2][-]{subsection.2.6.2}{\376\377\006\104\006\047\006\314\006\107\000\040\006\057\006\047\006\057\006\107\000\040\000\050\000D\000a\000t\000a\000\040\000L\000a\000y\000e\000r\000\051}{section.2.6}% 39
\BOOKMARK [2][-]{subsection.2.6.3}{\376\377\006\052\006\062\006\061\006\314\006\102\000\040\006\110\006\047\006\050\006\063\006\052\006\257\006\314\000\040\000\050\000D\000e\000p\000e\000n\000d\000e\000n\000c\000y\000\040\000I\000n\000j\000e\000c\000t\000i\000o\000n\000\051}{section.2.6}% 40
\BOOKMARK [2][-]{subsection.2.6.4}{\376\377\006\104\006\047\006\314\006\107\000\040\006\047\006\061\006\047\006\046\006\107\000\040\000\050\000P\000r\000e\000s\000e\000n\000t\000a\000t\000i\000o\000n\000\040\000L\000a\000y\000e\000r\000\051}{section.2.6}% 41
\BOOKMARK [1][-]{section.2.7}{\376\377\006\057\006\061\006\314\006\047\006\101\006\052\000\040\006\057\006\063\006\052\006\061\006\063\006\314\000\040\006\110\000\040\006\047\006\054\006\061\006\047\000\040\006\057\006\061\000\040\006\176\006\063\040\014\006\062\006\105\006\314\006\106\006\107}{chapter.2}% 42
\BOOKMARK [2][-]{subsection.2.7.1}{\376\377\006\104\006\047\006\314\006\107\000\040\006\057\006\047\006\105\006\106\006\107\000\040\000\050\000D\000o\000m\000a\000i\000n\000\040\000L\000a\000y\000e\000r\000\051}{section.2.7}% 43
\BOOKMARK [2][-]{subsection.2.7.2}{\376\377\006\104\006\047\006\314\006\107\000\040\006\057\006\047\006\057\006\107\000\040\000\050\000D\000a\000t\000a\000\040\000L\000a\000y\000e\000r\000\051}{section.2.7}% 44
\BOOKMARK [2][-]{subsection.2.7.3}{\376\377\006\104\006\047\006\314\006\107\000\040\006\047\006\061\006\047\006\046\006\107\000\040\000\050\000P\000r\000e\000s\000e\000n\000t\000a\000t\000i\000o\000n\000\040\000L\000a\000y\000e\000r\000\051}{section.2.7}% 45
\BOOKMARK [2][-]{subsection.2.7.4}{\376\377\006\063\006\061\006\110\006\314\006\063\040\014\006\107\006\047\000\040\006\110\000\040\006\047\006\054\006\061\006\047\006\314\000\040\006\176\006\063\040\014\006\062\006\105\006\314\006\106\006\107}{section.2.7}% 46
\BOOKMARK [2][-]{subsection.2.7.5}{\376\377\006\105\006\057\006\314\006\061\006\314\006\052\000\040\006\057\006\061\000\040\006\063\006\067\006\055\000\040\006\101\006\071\006\047\006\104\006\314\006\052\000\040\006\047\006\065\006\104\006\314}{section.2.7}% 47
\BOOKMARK [1][-]{section.2.8}{\376\377\006\206\006\047\006\104\006\064\040\014\006\107\006\047\000\040\006\110\000\040\006\105\006\055\006\057\006\110\006\057\006\314\006\052\040\014\006\107\006\047}{chapter.2}% 48
\BOOKMARK [0][-]{chapter.3}{\376\377\006\050\006\251\040\014\006\047\006\106\006\057}{}% 49
\BOOKMARK [1][-]{section.3.1}{\376\377\006\063\006\047\006\056\006\052\006\047\006\061\000\040\006\110\000\040\006\054\006\062\006\046\006\314\006\047\006\052\000\040\000P\000o\000l\000a\000r\000i\000s\000\040\000S\000e\000r\000v\000e\000r}{chapter.3}% 50
\BOOKMARK [1][-]{section.3.2}{\376\377\006\101\006\107\006\061\006\063\006\052\000\040\006\047\006\054\006\062\006\047\006\041}{chapter.3}% 51
\BOOKMARK [1][-]{section.3.3}{\376\377\006\101\006\047\006\314\006\104\000\040\006\176\006\314\006\251\006\061\006\050\006\106\006\057\006\314\000\040\006\110\000\040\006\110\006\047\006\050\006\063\006\052\006\257\006\314\000\040\006\107\006\047}{chapter.3}% 52
\BOOKMARK [2][-]{subsection.3.3.1}{\376\377\000r\000e\000q\000u\000i\000r\000e\000m\000e\000n\000t\000s\000.\000t\000x\000t}{section.3.3}% 53
\BOOKMARK [2][-]{subsection.3.3.2}{\376\377\006\052\006\106\006\070\006\314\006\105\006\047\006\052\000\040\006\047\006\065\006\104\006\314\000\040\000\050\000p\000o\000l\000a\000r\000i\000s\000/\000s\000e\000t\000t\000i\000n\000g\000s\000.\000p\000y\000\051}{section.3.3}% 54
\BOOKMARK [1][-]{section.3.4}{\376\377\006\105\006\057\006\104\000\040\006\107\006\047\006\314\000\040\006\057\006\047\006\057\006\107}{chapter.3}% 55
\BOOKMARK [2][-]{subsection.3.4.1}{\376\377\000U\000s\000e\000r}{section.3.4}% 56
\BOOKMARK [2][-]{subsection.3.4.2}{\376\377\000D\000e\000v\000i\000c\000e}{section.3.4}% 57
\BOOKMARK [2][-]{subsection.3.4.3}{\376\377\000M\000e\000a\000s\000u\000r\000e\000m\000e\000n\000t}{section.3.4}% 58
\BOOKMARK [2][-]{subsection.3.4.4}{\376\377\000T\000e\000s\000t\000R\000e\000s\000u\000l\000t}{section.3.4}% 59
\BOOKMARK [1][-]{section.3.5}{\376\377\006\063\006\061\006\314\006\047\006\104\006\047\006\314\006\062\006\061\006\107\006\047}{chapter.3}% 60
\BOOKMARK [1][-]{section.3.6}{\376\377\006\047\006\176\006\104\006\314\006\251\006\314\006\064\006\106\000\040\000u\000s\000e\000r\000s}{chapter.3}% 61
\BOOKMARK [2][-]{subsection.3.6.1}{\376\377\006\105\006\071\006\061\006\101\006\314\000\040\006\110\000\040\006\106\006\102\006\064}{section.3.6}% 62
\BOOKMARK [2][-]{subsection.3.6.2}{\376\377\006\105\006\057\006\104\000\040\006\107\006\047}{section.3.6}% 63
\BOOKMARK [2][-]{subsection.3.6.3}{\376\377\006\104\006\314\006\063\006\052\000\040\006\251\006\047\006\105\006\104\000\040\000E\000n\000d\000p\000o\000i\000n\000t\000\040\006\107\006\047}{section.3.6}% 64
\BOOKMARK [2][-]{subsection.3.6.4}{\376\377\006\106\006\055\006\110\006\107\000\040\006\176\006\314\006\047\006\057\006\107\000\040\006\063\006\047\006\062\006\314\000\040\006\110\000\040\006\106\006\251\006\047\006\052\000\040\006\101\006\106\006\314}{section.3.6}% 65
\BOOKMARK [1][-]{section.3.7}{\376\377\006\110\006\314\006\110\006\107\006\047\000\040\006\110\000\040\000A\000P\000I\000\040\006\107\006\047}{chapter.3}% 66
\BOOKMARK [2][-]{subsection.3.7.1}{\376\377\006\105\006\063\006\314\006\061\006\107\006\047\000\040\000U\000R\000L\000s}{section.3.7}% 67
\BOOKMARK [2][-]{subsection.3.7.2}{\376\377\000M\000e\000a\000s\000u\000r\000e\000m\000e\000n\000t\000\040\000V\000i\000e\000w\000S\000e\000t}{section.3.7}% 68
\BOOKMARK [2][-]{subsection.3.7.3}{\376\377\000T\000e\000s\000t\000R\000e\000s\000u\000l\000t\000\040\000V\000i\000e\000w\000S\000e\000t}{section.3.7}% 69
\BOOKMARK [2][-]{subsection.3.7.4}{\376\377\000B\000u\000l\000k\000U\000p\000l\000o\000a\000d\000\040\000V\000i\000e\000w\000S\000e\000t}{section.3.7}% 70
\BOOKMARK [2][-]{subsection.3.7.5}{\376\377\000B\000u\000l\000k\000D\000e\000l\000e\000t\000e\000\040\000V\000i\000e\000w\000S\000e\000t}{section.3.7}% 71
\BOOKMARK [2][-]{subsection.3.7.6}{\376\377\000H\000T\000T\000P\000T\000e\000s\000t\000\040\000V\000i\000e\000w\000S\000e\000t}{section.3.7}% 72
\BOOKMARK [1][-]{section.3.8}{\376\377\006\047\006\055\006\061\006\047\006\062\000\040\006\107\006\110\006\314\006\052\000\040\006\110\000\040\006\105\006\054\006\110\006\062\006\107\006\047}{chapter.3}% 73
\BOOKMARK [1][-]{section.3.9}{\376\377\006\062\006\314\006\061\006\063\006\047\006\056\006\052\000\040\006\110\000\040\006\057\006\176\006\104\006\110\006\314}{chapter.3}% 74
\BOOKMARK [2][-]{subsection.3.9.1}{\376\377\000D\000o\000c\000k\000e\000r\000f\000i\000l\000e}{section.3.9}% 75
\BOOKMARK [2][-]{subsection.3.9.2}{\376\377\000e\000n\000t\000r\000y\000p\000o\000i\000n\000t\000.\000s\000h}{section.3.9}% 76
\BOOKMARK [2][-]{subsection.3.9.3}{\376\377\006\176\006\047\006\314\006\257\006\047\006\107\000\040\006\057\006\047\006\057\006\107}{section.3.9}% 77
\BOOKMARK [2][-]{subsection.3.9.4}{\376\377\000d\000o\000c\000k\000e\000r\000\040\000c\000o\000m\000p\000o\000s\000e\000.\000y\000m\000l}{section.3.9}% 78
\BOOKMARK [2][-]{subsection.3.9.5}{\376\377\006\101\006\047\006\314\006\104\000\040\000.\000e\000n\000v}{section.3.9}% 79
\BOOKMARK [2][-]{subsection.3.9.6}{\376\377\006\047\006\063\006\052\006\101\006\047\006\057\006\107\000\040\006\047\006\062\000\040\000n\000g\000i\000n\000x}{section.3.9}% 80
\BOOKMARK [2][-]{subsection.3.9.7}{\376\377\006\050\006\251\006\047\006\176\000\040\006\257\006\314\006\061\006\314}{section.3.9}% 81
\BOOKMARK [1][-]{section.3.10}{\376\377\006\047\006\050\006\062\006\047\006\061\006\107\006\047\000\040\006\110\000\040\006\052\006\110\006\047\006\050\006\071\000\040\006\251\006\105\006\251\006\314}{chapter.3}% 82
\BOOKMARK [2][-]{subsection.3.10.1}{\376\377\000u\000t\000i\000l\000s\000.\000p\000y\000\040\006\057\006\061\000\040\000m\000o\000b\000i\000l\000e\000\040\000r\000e\000p\000o\000r\000t\000s}{section.3.10}% 83
\BOOKMARK [2][-]{subsection.3.10.2}{\376\377\000u\000s\000e\000r\000s\000\040\000u\000t\000i\000l\000s\000.\000p\000y}{section.3.10}% 84
\BOOKMARK [1][-]{section.3.11}{\376\377\006\105\006\104\006\047\006\055\006\070\006\047\006\052\000\040\006\047\006\105\006\106\006\314\006\052\006\314\000\040\006\110\000\040\006\071\006\105\006\104\006\251\006\061\006\057\006\314}{chapter.3}% 85
\BOOKMARK [1][-]{section.3.12}{\376\377\006\057\006\063\006\052\006\110\006\061\006\047\006\104\006\071\006\105\006\104\000\040\006\047\006\054\006\061\006\047\006\314\000\040\006\105\006\055\006\104\006\314}{chapter.3}% 86
\BOOKMARK [0][-]{chapter.4}{\376\377\006\101\006\061\006\047\006\106\006\052\040\014\006\047\006\106\006\057}{}% 87
\BOOKMARK [1][-]{section.4.1}{\376\377\006\063\006\047\006\056\006\052\006\047\006\061\000\040\006\110\000\040\006\054\006\062\006\046\006\314\006\047\006\052\000\040\000W\000e\000b\000\040\000A\000p\000p\000l\000i\000c\000a\000t\000i\000o\000n}{chapter.4}% 88
\BOOKMARK [2][-]{subsection.4.1.1}{\376\377\006\101\006\047\006\314\006\104\040\014\006\107\006\047\000\040\006\110\000\040\006\176\006\314\006\251\006\061\006\050\006\106\006\057\006\314\000\040\006\063\006\067\006\055\000\040\006\050\006\047\006\104\006\047}{section.4.1}% 89
\BOOKMARK [2][-]{subsection.4.1.2}{\376\377\006\176\006\110\006\064\006\107\000\040\000p\000u\000b\000l\000i\000c}{section.4.1}% 90
\BOOKMARK [2][-]{subsection.4.1.3}{\376\377\006\176\006\110\006\064\006\107\000\040\000s\000r\000c}{section.4.1}% 91
\BOOKMARK [1][-]{section.4.2}{\376\377\006\047\006\055\006\061\006\047\006\062\000\040\006\107\006\110\006\314\006\052}{chapter.4}% 92
\BOOKMARK [2][-]{subsection.4.2.1}{\376\377\006\105\006\057\006\314\006\061\006\314\006\052\000\040\006\110\006\066\006\071\006\314\006\052\000\040\000\050\000S\000t\000a\000t\000e\000\040\000M\000a\000n\000a\000g\000e\000m\000e\000n\000t\000\051}{section.4.2}% 93
\BOOKMARK [2][-]{subsection.4.2.2}{\376\377\006\105\006\063\006\314\006\061\006\314\006\047\006\050\006\314\000\040\006\105\006\055\006\047\006\101\006\070\006\052\040\014\006\064\006\057\006\107\000\040\000\050\000P\000r\000o\000t\000e\000c\000t\000e\000d\000\040\000R\000o\000u\000t\000i\000n\000g\000\051}{section.4.2}% 94
\BOOKMARK [2][-]{subsection.4.2.3}{\376\377\006\061\006\047\006\107\040\014\006\047\006\106\006\057\006\047\006\062\006\314\000\040\006\063\006\061\006\047\006\063\006\061\006\314\000\040\000\050\000G\000l\000o\000b\000a\000l\000\040\000S\000e\000t\000u\000p\000\051}{section.4.2}% 95
\BOOKMARK [2][-]{subsection.4.2.4}{\376\377\006\105\006\057\006\314\006\061\006\314\006\052\000\040\006\105\006\106\006\067\006\102\000\040\006\052\006\054\006\047\006\061\006\314\000\040\000\050\000B\000u\000s\000i\000n\000e\000s\000s\000\040\000L\000o\000g\000i\000c\000\051}{section.4.2}% 96
\BOOKMARK [2][-]{subsection.4.2.5}{\376\377\006\104\006\047\006\314\006\107\000\040\006\061\006\047\006\050\006\067\000\040\006\251\006\047\006\061\006\050\006\061\006\314\000\040\000\050\000U\000I\000\040\000L\000a\000y\000e\000r\000\051}{section.4.2}% 97
\BOOKMARK [1][-]{section.4.3}{\376\377\006\057\006\047\006\064\006\050\006\110\006\061\006\057}{chapter.4}% 98
\BOOKMARK [2][-]{subsection.4.3.1}{\376\377\006\105\006\057\006\314\006\061\006\314\006\052\000\040\006\105\006\106\006\067\006\102\000\040\006\052\006\054\006\047\006\061\006\314\000\040\000\050\000B\000u\000s\000i\000n\000e\000s\000s\000\040\000L\000o\000g\000i\000c\000\051}{section.4.3}% 99
\BOOKMARK [2][-]{subsection.4.3.2}{\376\377\006\107\006\110\006\251\040\014\006\107\006\047\006\314\000\040\006\063\006\101\006\047\006\061\006\064\006\314\000\040\000\050\000C\000u\000s\000t\000o\000m\000\040\000H\000o\000o\000k\000s\000\051}{section.4.3}% 100
\BOOKMARK [2][-]{subsection.4.3.3}{\376\377\006\104\006\047\006\314\006\107\000\040\006\061\006\047\006\050\006\067\000\040\006\251\006\047\006\061\006\050\006\061\006\314\000\040\000\050\000U\000I\000\040\000L\000a\000y\000e\000r\000\051}{section.4.3}% 101
\BOOKMARK [2][-]{subsection.4.3.4}{\376\377\006\047\006\050\006\062\006\047\006\061\006\107\006\047\006\314\000\040\006\251\006\105\006\251\006\314\000\040\000\050\000U\000t\000i\000l\000i\000t\000y\000\040\000F\000u\000n\000c\000t\000i\000o\000n\000s\000\051}{section.4.3}% 102
\BOOKMARK [1][-]{section.4.4}{\376\377\006\106\006\102\006\064\006\107}{chapter.4}% 103
\BOOKMARK [2][-]{subsection.4.4.1}{\376\377\006\105\006\061\006\110\006\061\000\040\006\251\006\104\006\314}{section.4.4}% 104
\BOOKMARK [2][-]{subsection.4.4.2}{\376\377\006\063\006\047\006\056\006\052\006\047\006\061\000\040\006\251\006\104\006\314\000\040\006\110\000\040\006\106\006\102\006\064\000\040\006\107\006\061\000\040\006\050\006\056\006\064}{section.4.4}% 105
\BOOKMARK [2][-]{subsection.4.4.3}{\376\377\006\106\006\055\006\110\006\107\006\124\000\040\006\110\006\047\006\251\006\064\006\314\000\040\006\110\000\040\006\105\006\057\006\314\006\061\006\314\006\052\000\040\006\057\006\047\006\057\006\107\040\014\006\107\006\047}{section.4.4}% 106
\BOOKMARK [2][-]{subsection.4.4.4}{\376\377\006\061\006\106\006\057\006\061\000\040\006\106\006\102\006\064\006\107\000\040\006\110\000\040\006\251\006\106\006\052\006\061\006\104\040\014\006\107\006\047}{section.4.4}% 107
\BOOKMARK [2][-]{subsection.4.4.5}{\376\377\006\105\006\106\006\067\006\102\000\040\006\052\006\071\006\314\006\314\006\106\000\040\006\061\006\106\006\257\000\040\006\110\000\040\006\106\006\105\006\047\006\314\006\064\000\040\006\106\006\064\006\047\006\106\006\257\006\061\006\107\006\047}{section.4.4}% 108
\BOOKMARK [2][-]{subsection.4.4.6}{\376\377\006\052\006\110\006\047\006\050\006\071\000\040\006\251\006\105\006\251\006\314\006\120\000\040\006\251\006\104\006\314\006\057\006\314}{section.4.4}% 109
\BOOKMARK [2][-]{subsection.4.4.7}{\376\377\006\054\006\061\006\314\006\047\006\106\006\120\000\040\006\057\006\047\006\057\006\107}{section.4.4}% 110
\BOOKMARK [1][-]{section.4.5}{\376\377\006\105\006\057\006\314\006\061\006\314\006\052\000\040\006\251\006\047\006\061\006\050\006\061\006\047\006\106\000\040\006\110\000\040\006\063\006\067\006\055\000\040\006\057\006\063\006\052\006\061\006\063\006\314}{chapter.4}% 111
\BOOKMARK [2][-]{subsection.4.5.1}{\376\377\006\105\006\057\006\314\006\061\006\314\006\052\000\040\006\105\006\106\006\067\006\102\000\040\006\052\006\054\006\047\006\061\006\314\000\040\000\050\000B\000u\000s\000i\000n\000e\000s\000s\000\040\000L\000o\000g\000i\000c\000\051}{section.4.5}% 112
\BOOKMARK [2][-]{subsection.4.5.2}{\376\377\006\107\006\110\006\251\040\014\006\107\006\047\006\314\000\040\006\063\006\101\006\047\006\061\006\064\006\314\000\040\000\050\000C\000u\000s\000t\000o\000m\000\040\000H\000o\000o\000k\000s\000\051}{section.4.5}% 113
\BOOKMARK [2][-]{subsection.4.5.3}{\376\377\006\104\006\047\006\314\006\107\000\040\006\061\006\047\006\050\006\067\000\040\006\251\006\047\006\061\006\050\006\061\006\314\000\040\000\050\000U\000I\000\040\000L\000a\000y\000e\000r\000\051}{section.4.5}% 114
